{"name":"hexo","hostname":"dabao-3.local","pid":33222,"level":20,"msg":"Hexo version: \u001b[35m3.3.8\u001b[39m","time":"2017-07-21T09:13:05.767Z","v":0}
{"name":"hexo","hostname":"dabao-3.local","pid":33222,"level":20,"msg":"Working directory: \u001b[35m~/Desktop/MySelf/tiandabao.github.io/\u001b[39m","time":"2017-07-21T09:13:05.773Z","v":0}
{"name":"hexo","hostname":"dabao-3.local","pid":33222,"level":20,"msg":"Config loaded: \u001b[35m~/Desktop/MySelf/tiandabao.github.io/_config.yml\u001b[39m","time":"2017-07-21T09:13:05.845Z","v":0}
{"name":"hexo","hostname":"dabao-3.local","pid":33222,"level":20,"msg":"Plugin loaded: \u001b[35mhexo-baidu-url-submit\u001b[39m","time":"2017-07-21T09:13:05.862Z","v":0}
{"name":"hexo","hostname":"dabao-3.local","pid":33222,"level":20,"msg":"Plugin loaded: \u001b[35mhexo-generator-archive\u001b[39m","time":"2017-07-21T09:13:05.864Z","v":0}
{"name":"hexo","hostname":"dabao-3.local","pid":33222,"level":20,"msg":"Plugin loaded: \u001b[35mhexo-deployer-git\u001b[39m","time":"2017-07-21T09:13:06.026Z","v":0}
{"name":"hexo","hostname":"dabao-3.local","pid":33222,"level":20,"msg":"Plugin loaded: \u001b[35mhexo-generator-baidu-sitemap\u001b[39m","time":"2017-07-21T09:13:06.030Z","v":0}
{"name":"hexo","hostname":"dabao-3.local","pid":33222,"level":20,"msg":"Plugin loaded: \u001b[35mhexo-generator-category\u001b[39m","time":"2017-07-21T09:13:06.031Z","v":0}
{"name":"hexo","hostname":"dabao-3.local","pid":33222,"level":20,"msg":"Plugin loaded: \u001b[35mhexo-generator-index\u001b[39m","time":"2017-07-21T09:13:06.033Z","v":0}
{"name":"hexo","hostname":"dabao-3.local","pid":33222,"level":20,"msg":"Plugin loaded: \u001b[35mhexo-generator-feed\u001b[39m","time":"2017-07-21T09:13:06.035Z","v":0}
{"name":"hexo","hostname":"dabao-3.local","pid":33222,"level":20,"msg":"Plugin loaded: \u001b[35mhexo-generator-json-content\u001b[39m","time":"2017-07-21T09:13:06.047Z","v":0}
{"name":"hexo","hostname":"dabao-3.local","pid":33222,"level":20,"msg":"Plugin loaded: \u001b[35mhexo-generator-search\u001b[39m","time":"2017-07-21T09:13:06.048Z","v":0}
{"name":"hexo","hostname":"dabao-3.local","pid":33222,"level":20,"msg":"Plugin loaded: \u001b[35mhexo-generator-sitemap\u001b[39m","time":"2017-07-21T09:13:06.049Z","v":0}
{"name":"hexo","hostname":"dabao-3.local","pid":33222,"level":20,"msg":"Plugin loaded: \u001b[35mhexo-generator-tag\u001b[39m","time":"2017-07-21T09:13:06.051Z","v":0}
{"name":"hexo","hostname":"dabao-3.local","pid":33222,"level":20,"msg":"Plugin loaded: \u001b[35mhexo-renderer-ejs\u001b[39m","time":"2017-07-21T09:13:06.053Z","v":0}
{"name":"hexo","hostname":"dabao-3.local","pid":33222,"level":20,"msg":"Plugin loaded: \u001b[35mhexo-renderer-marked\u001b[39m","time":"2017-07-21T09:13:06.116Z","v":0}
{"name":"hexo","hostname":"dabao-3.local","pid":33222,"level":20,"msg":"Plugin loaded: \u001b[35mhexo-renderer-stylus\u001b[39m","time":"2017-07-21T09:13:06.214Z","v":0}
{"name":"hexo","hostname":"dabao-3.local","pid":33222,"level":20,"msg":"Plugin loaded: \u001b[35mhexo-server\u001b[39m","time":"2017-07-21T09:13:06.279Z","v":0}
{"name":"hexo","hostname":"dabao-3.local","pid":33222,"level":20,"msg":"Loading database.","time":"2017-07-21T09:13:06.280Z","v":0}
{"name":"hexo","hostname":"dabao-3.local","pid":33222,"level":30,"msg":"Start processing","time":"2017-07-21T09:13:06.367Z","v":0}
{"name":"hexo","hostname":"dabao-3.local","pid":33222,"level":20,"msg":"Processed: \u001b[35m404.html\u001b[39m","time":"2017-07-21T09:13:06.411Z","v":0}
{"name":"hexo","hostname":"dabao-3.local","pid":33222,"level":20,"msg":"Processed: \u001b[35m_posts/2016年计划.md\u001b[39m","time":"2017-07-21T09:13:06.472Z","v":0}
{"name":"hexo","hostname":"dabao-3.local","pid":33222,"level":20,"msg":"Processed: \u001b[35m_posts/Hexo配置.md\u001b[39m","time":"2017-07-21T09:13:06.472Z","v":0}
{"name":"hexo","hostname":"dabao-3.local","pid":33222,"level":20,"msg":"Processed: \u001b[35m_posts/MyBaby.md\u001b[39m","time":"2017-07-21T09:13:06.472Z","v":0}
{"name":"hexo","hostname":"dabao-3.local","pid":33222,"level":20,"msg":"Processed: \u001b[35m_posts/Swift学习笔记.md\u001b[39m","time":"2017-07-21T09:13:06.473Z","v":0}
{"name":"hexo","hostname":"dabao-3.local","pid":33222,"level":20,"msg":"Processed: \u001b[35m_posts/UITextView心得.md\u001b[39m","time":"2017-07-21T09:13:06.473Z","v":0}
{"name":"hexo","hostname":"dabao-3.local","pid":33222,"level":20,"msg":"Processed: \u001b[35m_posts/iOS关键知识点整理.md\u001b[39m","time":"2017-07-21T09:13:06.473Z","v":0}
{"name":"hexo","hostname":"dabao-3.local","pid":33222,"level":20,"msg":"Processed: \u001b[35m_posts/常用的iOS开发库.md\u001b[39m","time":"2017-07-21T09:13:06.473Z","v":0}
{"name":"hexo","hostname":"dabao-3.local","pid":33222,"level":20,"msg":"Processed: \u001b[35m_posts/多个git账号的配置.md\u001b[39m","time":"2017-07-21T09:13:06.473Z","v":0}
{"name":"hexo","hostname":"dabao-3.local","pid":33222,"level":20,"msg":"Processed: \u001b[35m_posts/幻想该怎样处理.md\u001b[39m","time":"2017-07-21T09:13:06.473Z","v":0}
{"name":"hexo","hostname":"dabao-3.local","pid":33222,"level":20,"msg":"Processed: \u001b[35m_posts/我的第一篇博客.md\u001b[39m","time":"2017-07-21T09:13:06.473Z","v":0}
{"name":"hexo","hostname":"dabao-3.local","pid":33222,"level":20,"msg":"Processed: \u001b[35m_posts/新年新的开端.md\u001b[39m","time":"2017-07-21T09:13:06.473Z","v":0}
{"name":"hexo","hostname":"dabao-3.local","pid":33222,"level":20,"msg":"Processed: \u001b[35m_posts/知识总结.md\u001b[39m","time":"2017-07-21T09:13:06.473Z","v":0}
{"name":"hexo","hostname":"dabao-3.local","pid":33222,"level":20,"msg":"Processed: \u001b[35msource/apple-touch-icon.png\u001b[39m","time":"2017-07-21T09:13:06.475Z","v":0}
{"name":"hexo","hostname":"dabao-3.local","pid":33222,"level":20,"msg":"Processed: \u001b[35mimages/avatar.jpg\u001b[39m","time":"2017-07-21T09:13:06.489Z","v":0}
{"name":"hexo","hostname":"dabao-3.local","pid":33222,"level":20,"msg":"Theme config loaded.","time":"2017-07-21T09:13:06.515Z","v":0}
{"name":"hexo","hostname":"dabao-3.local","pid":33222,"level":20,"msg":"Processed: \u001b[35m_config.yml\u001b[39m","time":"2017-07-21T09:13:06.520Z","v":0}
{"name":"hexo","hostname":"dabao-3.local","pid":33222,"level":20,"msg":"Processed: \u001b[35msource/css/loading-style.css\u001b[39m","time":"2017-07-21T09:13:06.520Z","v":0}
{"name":"hexo","hostname":"dabao-3.local","pid":33222,"level":20,"msg":"Processed: \u001b[35msource/css/showshare.css\u001b[39m","time":"2017-07-21T09:13:06.520Z","v":0}
{"name":"hexo","hostname":"dabao-3.local","pid":33222,"level":20,"msg":"Processed: \u001b[35msource/css/style.css\u001b[39m","time":"2017-07-21T09:13:06.521Z","v":0}
{"name":"hexo","hostname":"dabao-3.local","pid":33222,"level":20,"msg":"Processed: \u001b[35msource/fancybox/blank.gif\u001b[39m","time":"2017-07-21T09:13:06.521Z","v":0}
{"name":"hexo","hostname":"dabao-3.local","pid":33222,"level":20,"msg":"Processed: \u001b[35msource/fancybox/fancybox_loading.gif\u001b[39m","time":"2017-07-21T09:13:06.521Z","v":0}
{"name":"hexo","hostname":"dabao-3.local","pid":33222,"level":20,"msg":"Processed: \u001b[35msource/fancybox/fancybox_loading@2x.gif\u001b[39m","time":"2017-07-21T09:13:06.522Z","v":0}
{"name":"hexo","hostname":"dabao-3.local","pid":33222,"level":20,"msg":"Processed: \u001b[35msource/fancybox/fancybox_overlay.png\u001b[39m","time":"2017-07-21T09:13:06.522Z","v":0}
{"name":"hexo","hostname":"dabao-3.local","pid":33222,"level":20,"msg":"Processed: \u001b[35msource/fancybox/fancybox_sprite.png\u001b[39m","time":"2017-07-21T09:13:06.523Z","v":0}
{"name":"hexo","hostname":"dabao-3.local","pid":33222,"level":20,"msg":"Processed: \u001b[35msource/fancybox/fancybox_sprite@2x.png\u001b[39m","time":"2017-07-21T09:13:06.524Z","v":0}
{"name":"hexo","hostname":"dabao-3.local","pid":33222,"level":20,"msg":"Processed: \u001b[35msource/fancybox/jquery.fancybox.css\u001b[39m","time":"2017-07-21T09:13:06.524Z","v":0}
{"name":"hexo","hostname":"dabao-3.local","pid":33222,"level":20,"msg":"Processed: \u001b[35msource/fancybox/jquery.fancybox.js\u001b[39m","time":"2017-07-21T09:13:06.525Z","v":0}
{"name":"hexo","hostname":"dabao-3.local","pid":33222,"level":20,"msg":"Processed: \u001b[35msource/fancybox/jquery.fancybox.pack.js\u001b[39m","time":"2017-07-21T09:13:06.525Z","v":0}
{"name":"hexo","hostname":"dabao-3.local","pid":33222,"level":20,"msg":"Processed: \u001b[35msource/img/douban.png\u001b[39m","time":"2017-07-21T09:13:06.525Z","v":0}
{"name":"hexo","hostname":"dabao-3.local","pid":33222,"level":20,"msg":"Processed: \u001b[35msource/img/coderwall.png\u001b[39m","time":"2017-07-21T09:13:06.527Z","v":0}
{"name":"hexo","hostname":"dabao-3.local","pid":33222,"level":20,"msg":"Processed: \u001b[35msource/img/delicious.png\u001b[39m","time":"2017-07-21T09:13:06.543Z","v":0}
{"name":"hexo","hostname":"dabao-3.local","pid":33222,"level":20,"msg":"Processed: \u001b[35msource/img/facebook.png\u001b[39m","time":"2017-07-21T09:13:06.543Z","v":0}
{"name":"hexo","hostname":"dabao-3.local","pid":33222,"level":20,"msg":"Processed: \u001b[35msource/img/favicon.png\u001b[39m","time":"2017-07-21T09:13:06.543Z","v":0}
{"name":"hexo","hostname":"dabao-3.local","pid":33222,"level":20,"msg":"Processed: \u001b[35msource/img/google.png\u001b[39m","time":"2017-07-21T09:13:06.544Z","v":0}
{"name":"hexo","hostname":"dabao-3.local","pid":33222,"level":20,"msg":"Processed: \u001b[35msource/img/github.png\u001b[39m","time":"2017-07-21T09:13:06.544Z","v":0}
{"name":"hexo","hostname":"dabao-3.local","pid":33222,"level":20,"msg":"Processed: \u001b[35msource/img/img-err.png\u001b[39m","time":"2017-07-21T09:13:06.544Z","v":0}
{"name":"hexo","hostname":"dabao-3.local","pid":33222,"level":20,"msg":"Processed: \u001b[35msource/img/linkedin.png\u001b[39m","time":"2017-07-21T09:13:06.545Z","v":0}
{"name":"hexo","hostname":"dabao-3.local","pid":33222,"level":20,"msg":"Processed: \u001b[35msource/img/mail.png\u001b[39m","time":"2017-07-21T09:13:06.545Z","v":0}
{"name":"hexo","hostname":"dabao-3.local","pid":33222,"level":20,"msg":"Processed: \u001b[35msource/img/pinboard.png\u001b[39m","time":"2017-07-21T09:13:06.545Z","v":0}
{"name":"hexo","hostname":"dabao-3.local","pid":33222,"level":20,"msg":"Processed: \u001b[35msource/img/img-loading.png\u001b[39m","time":"2017-07-21T09:13:06.545Z","v":0}
{"name":"hexo","hostname":"dabao-3.local","pid":33222,"level":20,"msg":"Processed: \u001b[35msource/img/pinterest.png\u001b[39m","time":"2017-07-21T09:13:06.547Z","v":0}
{"name":"hexo","hostname":"dabao-3.local","pid":33222,"level":20,"msg":"Processed: \u001b[35msource/img/qq.png\u001b[39m","time":"2017-07-21T09:13:06.547Z","v":0}
{"name":"hexo","hostname":"dabao-3.local","pid":33222,"level":20,"msg":"Processed: \u001b[35msource/img/rss.png\u001b[39m","time":"2017-07-21T09:13:06.548Z","v":0}
{"name":"hexo","hostname":"dabao-3.local","pid":33222,"level":20,"msg":"Processed: \u001b[35msource/img/twitter.png\u001b[39m","time":"2017-07-21T09:13:06.550Z","v":0}
{"name":"hexo","hostname":"dabao-3.local","pid":33222,"level":20,"msg":"Processed: \u001b[35msource/img/wechat.png\u001b[39m","time":"2017-07-21T09:13:06.550Z","v":0}
{"name":"hexo","hostname":"dabao-3.local","pid":33222,"level":20,"msg":"Processed: \u001b[35msource/img/stackoverflow.png\u001b[39m","time":"2017-07-21T09:13:06.551Z","v":0}
{"name":"hexo","hostname":"dabao-3.local","pid":33222,"level":20,"msg":"Processed: \u001b[35msource/img/scrollbar_arrow.png\u001b[39m","time":"2017-07-21T09:13:06.551Z","v":0}
{"name":"hexo","hostname":"dabao-3.local","pid":33222,"level":20,"msg":"Processed: \u001b[35msource/img/weibo.png\u001b[39m","time":"2017-07-21T09:13:06.551Z","v":0}
{"name":"hexo","hostname":"dabao-3.local","pid":33222,"level":20,"msg":"Processed: \u001b[35msource/img/zhihu.png\u001b[39m","time":"2017-07-21T09:13:06.551Z","v":0}
{"name":"hexo","hostname":"dabao-3.local","pid":33222,"level":20,"msg":"Processed: \u001b[35msource/js/TweenMax.js\u001b[39m","time":"2017-07-21T09:13:06.573Z","v":0}
{"name":"hexo","hostname":"dabao-3.local","pid":33222,"level":20,"msg":"Processed: \u001b[35msource/js/clipboard.min.js\u001b[39m","time":"2017-07-21T09:13:06.573Z","v":0}
{"name":"hexo","hostname":"dabao-3.local","pid":33222,"level":20,"msg":"Processed: \u001b[35msource/js/jquery.lazyload.js\u001b[39m","time":"2017-07-21T09:13:06.573Z","v":0}
{"name":"hexo","hostname":"dabao-3.local","pid":33222,"level":20,"msg":"Processed: \u001b[35msource/js/instagram.js\u001b[39m","time":"2017-07-21T09:13:06.573Z","v":0}
{"name":"hexo","hostname":"dabao-3.local","pid":33222,"level":20,"msg":"Processed: \u001b[35msource/js/main.js\u001b[39m","time":"2017-07-21T09:13:06.573Z","v":0}
{"name":"hexo","hostname":"dabao-3.local","pid":33222,"level":20,"msg":"Processed: \u001b[35msource/js/mobile.js\u001b[39m","time":"2017-07-21T09:13:06.574Z","v":0}
{"name":"hexo","hostname":"dabao-3.local","pid":33222,"level":20,"msg":"Processed: \u001b[35msource/js/embed.js\u001b[39m","time":"2017-07-21T09:13:06.574Z","v":0}
{"name":"hexo","hostname":"dabao-3.local","pid":33222,"level":20,"msg":"Processed: \u001b[35msource/js/pc.js\u001b[39m","time":"2017-07-21T09:13:06.574Z","v":0}
{"name":"hexo","hostname":"dabao-3.local","pid":33222,"level":20,"msg":"Processed: \u001b[35msource/js/pace.js\u001b[39m","time":"2017-07-21T09:13:06.574Z","v":0}
{"name":"hexo","hostname":"dabao-3.local","pid":33222,"level":20,"msg":"Processed: \u001b[35msource/js/plugins.js\u001b[39m","time":"2017-07-21T09:13:06.574Z","v":0}
{"name":"hexo","hostname":"dabao-3.local","pid":33222,"level":20,"msg":"Processed: \u001b[35msource/img/avatar.jpg\u001b[39m","time":"2017-07-21T09:13:06.580Z","v":0}
{"name":"hexo","hostname":"dabao-3.local","pid":33222,"level":20,"msg":"Processed: \u001b[35msource/js/TweenMax.min.js\u001b[39m","time":"2017-07-21T09:13:06.580Z","v":0}
{"name":"hexo","hostname":"dabao-3.local","pid":33222,"level":20,"msg":"Processed: \u001b[35mlayout/archive.ejs\u001b[39m","time":"2017-07-21T09:13:06.599Z","v":0}
{"name":"hexo","hostname":"dabao-3.local","pid":33222,"level":20,"msg":"Processed: \u001b[35mlayout/category.ejs\u001b[39m","time":"2017-07-21T09:13:06.599Z","v":0}
{"name":"hexo","hostname":"dabao-3.local","pid":33222,"level":20,"msg":"Processed: \u001b[35mlayout/index.ejs\u001b[39m","time":"2017-07-21T09:13:06.599Z","v":0}
{"name":"hexo","hostname":"dabao-3.local","pid":33222,"level":20,"msg":"Processed: \u001b[35mlayout/layout.ejs\u001b[39m","time":"2017-07-21T09:13:06.599Z","v":0}
{"name":"hexo","hostname":"dabao-3.local","pid":33222,"level":20,"msg":"Processed: \u001b[35mlayout/page.ejs\u001b[39m","time":"2017-07-21T09:13:06.599Z","v":0}
{"name":"hexo","hostname":"dabao-3.local","pid":33222,"level":20,"msg":"Processed: \u001b[35mlayout/plugins.swig\u001b[39m","time":"2017-07-21T09:13:06.599Z","v":0}
{"name":"hexo","hostname":"dabao-3.local","pid":33222,"level":20,"msg":"Processed: \u001b[35mlayout/post.ejs\u001b[39m","time":"2017-07-21T09:13:06.599Z","v":0}
{"name":"hexo","hostname":"dabao-3.local","pid":33222,"level":20,"msg":"Processed: \u001b[35mlayout/tag.ejs\u001b[39m","time":"2017-07-21T09:13:06.599Z","v":0}
{"name":"hexo","hostname":"dabao-3.local","pid":33222,"level":20,"msg":"Processed: \u001b[35mlanguages/de.yml\u001b[39m","time":"2017-07-21T09:13:06.604Z","v":0}
{"name":"hexo","hostname":"dabao-3.local","pid":33222,"level":20,"msg":"Processed: \u001b[35mlanguages/default.yml\u001b[39m","time":"2017-07-21T09:13:06.604Z","v":0}
{"name":"hexo","hostname":"dabao-3.local","pid":33222,"level":20,"msg":"Processed: \u001b[35mlanguages/fr-FR.yml\u001b[39m","time":"2017-07-21T09:13:06.605Z","v":0}
{"name":"hexo","hostname":"dabao-3.local","pid":33222,"level":20,"msg":"Processed: \u001b[35mlanguages/ru.yml\u001b[39m","time":"2017-07-21T09:13:06.605Z","v":0}
{"name":"hexo","hostname":"dabao-3.local","pid":33222,"level":20,"msg":"Processed: \u001b[35mlanguages/zh-Hans.yml\u001b[39m","time":"2017-07-21T09:13:06.605Z","v":0}
{"name":"hexo","hostname":"dabao-3.local","pid":33222,"level":20,"msg":"Processed: \u001b[35mlanguages/en.yml\u001b[39m","time":"2017-07-21T09:13:06.605Z","v":0}
{"name":"hexo","hostname":"dabao-3.local","pid":33222,"level":20,"msg":"Processed: \u001b[35mlanguages/zh-hk.yml\u001b[39m","time":"2017-07-21T09:13:06.605Z","v":0}
{"name":"hexo","hostname":"dabao-3.local","pid":33222,"level":20,"msg":"Processed: \u001b[35mlanguages/zh-tw.yml\u001b[39m","time":"2017-07-21T09:13:06.605Z","v":0}
{"name":"hexo","hostname":"dabao-3.local","pid":33222,"level":20,"msg":"Processed: \u001b[35mlanguages/zh.yml\u001b[39m","time":"2017-07-21T09:13:06.605Z","v":0}
{"name":"hexo","hostname":"dabao-3.local","pid":33222,"level":20,"msg":"Processed: \u001b[35msource/background/bg-1.jpg\u001b[39m","time":"2017-07-21T09:13:06.605Z","v":0}
{"name":"hexo","hostname":"dabao-3.local","pid":33222,"level":20,"msg":"Processed: \u001b[35msource/background/bg-3.jpg\u001b[39m","time":"2017-07-21T09:13:06.606Z","v":0}
{"name":"hexo","hostname":"dabao-3.local","pid":33222,"level":20,"msg":"Processed: \u001b[35msource/background/bg.jpg\u001b[39m","time":"2017-07-21T09:13:06.606Z","v":0}
{"name":"hexo","hostname":"dabao-3.local","pid":33222,"level":20,"msg":"Processed: \u001b[35msource/css/pace/pace-theme-flash.css\u001b[39m","time":"2017-07-21T09:13:06.606Z","v":0}
{"name":"hexo","hostname":"dabao-3.local","pid":33222,"level":20,"msg":"Processed: \u001b[35msource/fancybox/helpers/fancybox_buttons.png\u001b[39m","time":"2017-07-21T09:13:06.607Z","v":0}
{"name":"hexo","hostname":"dabao-3.local","pid":33222,"level":20,"msg":"Processed: \u001b[35msource/fancybox/helpers/jquery.fancybox-buttons.css\u001b[39m","time":"2017-07-21T09:13:06.607Z","v":0}
{"name":"hexo","hostname":"dabao-3.local","pid":33222,"level":20,"msg":"Processed: \u001b[35msource/fancybox/helpers/jquery.fancybox-buttons.js\u001b[39m","time":"2017-07-21T09:13:06.607Z","v":0}
{"name":"hexo","hostname":"dabao-3.local","pid":33222,"level":20,"msg":"Processed: \u001b[35msource/fancybox/helpers/jquery.fancybox-media.js\u001b[39m","time":"2017-07-21T09:13:06.607Z","v":0}
{"name":"hexo","hostname":"dabao-3.local","pid":33222,"level":20,"msg":"Processed: \u001b[35msource/fancybox/helpers/jquery.fancybox-thumbs.css\u001b[39m","time":"2017-07-21T09:13:06.607Z","v":0}
{"name":"hexo","hostname":"dabao-3.local","pid":33222,"level":20,"msg":"Processed: \u001b[35msource/fancybox/helpers/jquery.fancybox-thumbs.js\u001b[39m","time":"2017-07-21T09:13:06.607Z","v":0}
{"name":"hexo","hostname":"dabao-3.local","pid":33222,"level":20,"msg":"Processed: \u001b[35msource/font-awesome/css/font-awesome.css\u001b[39m","time":"2017-07-21T09:13:06.608Z","v":0}
{"name":"hexo","hostname":"dabao-3.local","pid":33222,"level":20,"msg":"Processed: \u001b[35msource/font-awesome/css/font-awesome.min.css\u001b[39m","time":"2017-07-21T09:13:06.608Z","v":0}
{"name":"hexo","hostname":"dabao-3.local","pid":33222,"level":20,"msg":"Processed: \u001b[35msource/js/404/jquery.parallaxify-0.0.2.min.js\u001b[39m","time":"2017-07-21T09:13:06.608Z","v":0}
{"name":"hexo","hostname":"dabao-3.local","pid":33222,"level":20,"msg":"Processed: \u001b[35msource/font-awesome/fonts/FontAwesome.otf\u001b[39m","time":"2017-07-21T09:13:06.612Z","v":0}
{"name":"hexo","hostname":"dabao-3.local","pid":33222,"level":20,"msg":"Processed: \u001b[35msource/font-awesome/fonts/fontawesome-webfont.eot\u001b[39m","time":"2017-07-21T09:13:06.612Z","v":0}
{"name":"hexo","hostname":"dabao-3.local","pid":33222,"level":20,"msg":"Processed: \u001b[35msource/font-awesome/fonts/fontawesome-webfont.woff\u001b[39m","time":"2017-07-21T09:13:06.612Z","v":0}
{"name":"hexo","hostname":"dabao-3.local","pid":33222,"level":20,"msg":"Processed: \u001b[35msource/font-awesome/fonts/fontawesome-webfont.woff2\u001b[39m","time":"2017-07-21T09:13:06.613Z","v":0}
{"name":"hexo","hostname":"dabao-3.local","pid":33222,"level":20,"msg":"Processed: \u001b[35msource/js/404/jquery-2.0.3.min.js\u001b[39m","time":"2017-07-21T09:13:06.613Z","v":0}
{"name":"hexo","hostname":"dabao-3.local","pid":33222,"level":20,"msg":"Processed: \u001b[35mlayout/_partial/archive-post.ejs\u001b[39m","time":"2017-07-21T09:13:06.629Z","v":0}
{"name":"hexo","hostname":"dabao-3.local","pid":33222,"level":20,"msg":"Processed: \u001b[35mlayout/_partial/archive.ejs\u001b[39m","time":"2017-07-21T09:13:06.629Z","v":0}
{"name":"hexo","hostname":"dabao-3.local","pid":33222,"level":20,"msg":"Processed: \u001b[35mlayout/_partial/after-footer.ejs\u001b[39m","time":"2017-07-21T09:13:06.629Z","v":0}
{"name":"hexo","hostname":"dabao-3.local","pid":33222,"level":20,"msg":"Processed: \u001b[35mlayout/_partial/article.ejs\u001b[39m","time":"2017-07-21T09:13:06.629Z","v":0}
{"name":"hexo","hostname":"dabao-3.local","pid":33222,"level":20,"msg":"Processed: \u001b[35mlayout/_partial/case.swig\u001b[39m","time":"2017-07-21T09:13:06.629Z","v":0}
{"name":"hexo","hostname":"dabao-3.local","pid":33222,"level":20,"msg":"Processed: \u001b[35mlayout/_partial/background.ejs\u001b[39m","time":"2017-07-21T09:13:06.629Z","v":0}
{"name":"hexo","hostname":"dabao-3.local","pid":33222,"level":20,"msg":"Processed: \u001b[35mlayout/_partial/bodybackground.ejs\u001b[39m","time":"2017-07-21T09:13:06.629Z","v":0}
{"name":"hexo","hostname":"dabao-3.local","pid":33222,"level":20,"msg":"Processed: \u001b[35mlayout/_partial/footer.ejs\u001b[39m","time":"2017-07-21T09:13:06.629Z","v":0}
{"name":"hexo","hostname":"dabao-3.local","pid":33222,"level":20,"msg":"Processed: \u001b[35mlayout/_partial/head.ejs\u001b[39m","time":"2017-07-21T09:13:06.629Z","v":0}
{"name":"hexo","hostname":"dabao-3.local","pid":33222,"level":20,"msg":"Processed: \u001b[35mlayout/_partial/header.ejs\u001b[39m","time":"2017-07-21T09:13:06.629Z","v":0}
{"name":"hexo","hostname":"dabao-3.local","pid":33222,"level":20,"msg":"Processed: \u001b[35mlayout/_partial/hide-labels.ejs\u001b[39m","time":"2017-07-21T09:13:06.629Z","v":0}
{"name":"hexo","hostname":"dabao-3.local","pid":33222,"level":20,"msg":"Processed: \u001b[35mlayout/_partial/left-col.ejs\u001b[39m","time":"2017-07-21T09:13:06.630Z","v":0}
{"name":"hexo","hostname":"dabao-3.local","pid":33222,"level":20,"msg":"Processed: \u001b[35mlayout/_partial/mathjax.ejs\u001b[39m","time":"2017-07-21T09:13:06.637Z","v":0}
{"name":"hexo","hostname":"dabao-3.local","pid":33222,"level":20,"msg":"Processed: \u001b[35mlayout/_partial/mobile-nav.ejs\u001b[39m","time":"2017-07-21T09:13:06.637Z","v":0}
{"name":"hexo","hostname":"dabao-3.local","pid":33222,"level":20,"msg":"Processed: \u001b[35mlayout/_partial/page.ejs\u001b[39m","time":"2017-07-21T09:13:06.637Z","v":0}
{"name":"hexo","hostname":"dabao-3.local","pid":33222,"level":20,"msg":"Processed: \u001b[35mlayout/_partial/plugin.swig\u001b[39m","time":"2017-07-21T09:13:06.637Z","v":0}
{"name":"hexo","hostname":"dabao-3.local","pid":33222,"level":20,"msg":"Processed: \u001b[35mlayout/_partial/post-nav-button.ejs\u001b[39m","time":"2017-07-21T09:13:06.637Z","v":0}
{"name":"hexo","hostname":"dabao-3.local","pid":33222,"level":20,"msg":"Processed: \u001b[35mlayout/_partial/scrolling-button.ejs\u001b[39m","time":"2017-07-21T09:13:06.638Z","v":0}
{"name":"hexo","hostname":"dabao-3.local","pid":33222,"level":20,"msg":"Processed: \u001b[35mlayout/_partial/toc.ejs\u001b[39m","time":"2017-07-21T09:13:06.638Z","v":0}
{"name":"hexo","hostname":"dabao-3.local","pid":33222,"level":20,"msg":"Processed: \u001b[35mlayout/_partial/theme.swig\u001b[39m","time":"2017-07-21T09:13:06.638Z","v":0}
{"name":"hexo","hostname":"dabao-3.local","pid":33222,"level":20,"msg":"Processed: \u001b[35mlayout/_partial/work.swig\u001b[39m","time":"2017-07-21T09:13:06.638Z","v":0}
{"name":"hexo","hostname":"dabao-3.local","pid":33222,"level":20,"msg":"Processed: \u001b[35msource/font-awesome/fonts/fontawesome-webfont.ttf\u001b[39m","time":"2017-07-21T09:13:06.639Z","v":0}
{"name":"hexo","hostname":"dabao-3.local","pid":33222,"level":20,"msg":"Processed: \u001b[35mlayout/_partial/analytics/baidu-analytics.ejs\u001b[39m","time":"2017-07-21T09:13:06.641Z","v":0}
{"name":"hexo","hostname":"dabao-3.local","pid":33222,"level":20,"msg":"Processed: \u001b[35mlayout/_partial/analytics/google-analytics.ejs\u001b[39m","time":"2017-07-21T09:13:06.641Z","v":0}
{"name":"hexo","hostname":"dabao-3.local","pid":33222,"level":20,"msg":"Processed: \u001b[35mlayout/_partial/comments/changyan.ejs\u001b[39m","time":"2017-07-21T09:13:06.641Z","v":0}
{"name":"hexo","hostname":"dabao-3.local","pid":33222,"level":20,"msg":"Processed: \u001b[35mlayout/_partial/comments/disqus.ejs\u001b[39m","time":"2017-07-21T09:13:06.641Z","v":0}
{"name":"hexo","hostname":"dabao-3.local","pid":33222,"level":20,"msg":"Processed: \u001b[35mlayout/_partial/post/TipTitle.ejs\u001b[39m","time":"2017-07-21T09:13:06.641Z","v":0}
{"name":"hexo","hostname":"dabao-3.local","pid":33222,"level":20,"msg":"Processed: \u001b[35mlayout/_partial/post/category.ejs\u001b[39m","time":"2017-07-21T09:13:06.641Z","v":0}
{"name":"hexo","hostname":"dabao-3.local","pid":33222,"level":20,"msg":"Processed: \u001b[35mlayout/_partial/post/date.ejs\u001b[39m","time":"2017-07-21T09:13:06.641Z","v":0}
{"name":"hexo","hostname":"dabao-3.local","pid":33222,"level":20,"msg":"Processed: \u001b[35mlayout/_partial/post/loading.ejs\u001b[39m","time":"2017-07-21T09:13:06.641Z","v":0}
{"name":"hexo","hostname":"dabao-3.local","pid":33222,"level":20,"msg":"Processed: \u001b[35mlayout/_partial/post/nav.ejs\u001b[39m","time":"2017-07-21T09:13:06.641Z","v":0}
{"name":"hexo","hostname":"dabao-3.local","pid":33222,"level":20,"msg":"Processed: \u001b[35mlayout/_partial/post/title.ejs\u001b[39m","time":"2017-07-21T09:13:06.641Z","v":0}
{"name":"hexo","hostname":"dabao-3.local","pid":33222,"level":20,"msg":"Processed: \u001b[35msource/img/bg.jpg\u001b[39m","time":"2017-07-21T09:13:06.642Z","v":0}
{"name":"hexo","hostname":"dabao-3.local","pid":33222,"level":20,"msg":"Processed: \u001b[35mlayout/_partial/post/tag.ejs\u001b[39m","time":"2017-07-21T09:13:06.643Z","v":0}
{"name":"hexo","hostname":"dabao-3.local","pid":33222,"level":20,"msg":"Processed: \u001b[35mlayout/_partial/share/baidu-share.ejs\u001b[39m","time":"2017-07-21T09:13:06.643Z","v":0}
{"name":"hexo","hostname":"dabao-3.local","pid":33222,"level":20,"msg":"Processed: \u001b[35mlayout/_partial/share/share.ejs\u001b[39m","time":"2017-07-21T09:13:06.643Z","v":0}
{"name":"hexo","hostname":"dabao-3.local","pid":33222,"level":20,"msg":"Processed: \u001b[35mlayout/_partial/share/showshare.ejs\u001b[39m","time":"2017-07-21T09:13:06.643Z","v":0}
{"name":"hexo","hostname":"dabao-3.local","pid":33222,"level":20,"msg":"Processed: \u001b[35msource/background/bg-4.jpg\u001b[39m","time":"2017-07-21T09:13:06.643Z","v":0}
{"name":"hexo","hostname":"dabao-3.local","pid":33222,"level":20,"msg":"Processed: \u001b[35msource/font-awesome/fonts/fontawesome-webfont.svg\u001b[39m","time":"2017-07-21T09:13:06.643Z","v":0}
{"name":"hexo","hostname":"dabao-3.local","pid":33222,"level":20,"msg":"Processed: \u001b[35msource/background/bg-2.jpg\u001b[39m","time":"2017-07-21T09:13:06.644Z","v":0}
{"name":"hexo","hostname":"dabao-3.local","pid":33222,"level":20,"msg":"Generator: \u001b[35mpage\u001b[39m","time":"2017-07-21T09:13:06.732Z","v":0}
{"name":"hexo","hostname":"dabao-3.local","pid":33222,"level":20,"msg":"Generator: \u001b[35mpost\u001b[39m","time":"2017-07-21T09:13:06.732Z","v":0}
{"name":"hexo","hostname":"dabao-3.local","pid":33222,"level":20,"msg":"Generator: \u001b[35marchive\u001b[39m","time":"2017-07-21T09:13:06.732Z","v":0}
{"name":"hexo","hostname":"dabao-3.local","pid":33222,"level":20,"msg":"Generator: \u001b[35mbaidusitemap\u001b[39m","time":"2017-07-21T09:13:06.732Z","v":0}
{"name":"hexo","hostname":"dabao-3.local","pid":33222,"level":20,"msg":"Generator: \u001b[35mcategory\u001b[39m","time":"2017-07-21T09:13:06.732Z","v":0}
{"name":"hexo","hostname":"dabao-3.local","pid":33222,"level":20,"msg":"Generator: \u001b[35mindex\u001b[39m","time":"2017-07-21T09:13:06.732Z","v":0}
{"name":"hexo","hostname":"dabao-3.local","pid":33222,"level":20,"msg":"Generator: \u001b[35mfeed\u001b[39m","time":"2017-07-21T09:13:06.732Z","v":0}
{"name":"hexo","hostname":"dabao-3.local","pid":33222,"level":20,"msg":"Generator: \u001b[35mjson-content\u001b[39m","time":"2017-07-21T09:13:06.732Z","v":0}
{"name":"hexo","hostname":"dabao-3.local","pid":33222,"level":20,"msg":"Generator: \u001b[35mjson\u001b[39m","time":"2017-07-21T09:13:06.732Z","v":0}
{"name":"hexo","hostname":"dabao-3.local","pid":33222,"level":20,"msg":"Generator: \u001b[35msitemap\u001b[39m","time":"2017-07-21T09:13:06.733Z","v":0}
{"name":"hexo","hostname":"dabao-3.local","pid":33222,"level":20,"msg":"Generator: \u001b[35mtag\u001b[39m","time":"2017-07-21T09:13:06.733Z","v":0}
{"name":"hexo","hostname":"dabao-3.local","pid":33222,"level":60,"err":{"message":"Cannot read property 'count' of undefined","name":"TypeError","stack":"TypeError: Cannot read property 'count' of undefined\n    at Hexo.module.exports (/Users/dabao/Desktop/MySelf/tiandabao.github.io/node_modules/hexo-baidu-url-submit/lib/generator.js:4:40)\n    at Hexo.tryCatcher (/Users/dabao/Desktop/MySelf/tiandabao.github.io/node_modules/bluebird/js/release/util.js:16:23)\n    at Hexo.<anonymous> (/Users/dabao/Desktop/MySelf/tiandabao.github.io/node_modules/bluebird/js/release/method.js:15:34)\n    at /Users/dabao/Desktop/MySelf/tiandabao.github.io/node_modules/hexo/lib/hexo/index.js:340:24\n    at tryCatcher (/Users/dabao/Desktop/MySelf/tiandabao.github.io/node_modules/bluebird/js/release/util.js:16:23)\n    at MappingPromiseArray._promiseFulfilled (/Users/dabao/Desktop/MySelf/tiandabao.github.io/node_modules/bluebird/js/release/map.js:61:38)\n    at MappingPromiseArray.PromiseArray._iterate (/Users/dabao/Desktop/MySelf/tiandabao.github.io/node_modules/bluebird/js/release/promise_array.js:113:31)\n    at MappingPromiseArray.init (/Users/dabao/Desktop/MySelf/tiandabao.github.io/node_modules/bluebird/js/release/promise_array.js:77:10)\n    at MappingPromiseArray._asyncInit (/Users/dabao/Desktop/MySelf/tiandabao.github.io/node_modules/bluebird/js/release/map.js:30:10)\n    at Async._drainQueue (/Users/dabao/Desktop/MySelf/tiandabao.github.io/node_modules/bluebird/js/release/async.js:138:12)\n    at Async._drainQueues (/Users/dabao/Desktop/MySelf/tiandabao.github.io/node_modules/bluebird/js/release/async.js:143:10)\n    at Immediate.Async.drainQueues (/Users/dabao/Desktop/MySelf/tiandabao.github.io/node_modules/bluebird/js/release/async.js:17:14)\n    at runCallback (timers.js:672:20)\n    at tryOnImmediate (timers.js:645:5)\n    at processImmediate [as _immediateCallback] (timers.js:617:5)"},"msg":"Something's wrong. Maybe you can find the solution here: \u001b[4mhttp://hexo.io/docs/troubleshooting.html\u001b[24m","time":"2017-07-21T09:13:06.733Z","v":0}
{"name":"hexo","hostname":"dabao-3.local","pid":33222,"level":20,"msg":"Generator: \u001b[35masset\u001b[39m","time":"2017-07-21T09:13:06.747Z","v":0}
{"name":"hexo","hostname":"dabao-3.local","pid":33222,"level":20,"msg":"Database saved","time":"2017-07-21T09:13:06.748Z","v":0}
{"name":"hexo","hostname":"dabao-3.local","pid":65555,"level":20,"msg":"Hexo version: \u001b[35m3.3.8\u001b[39m","time":"2017-07-23T13:13:35.714Z","v":0}
{"name":"hexo","hostname":"dabao-3.local","pid":65555,"level":20,"msg":"Working directory: \u001b[35m~/Desktop/MySelf/tiandabao.github.io/\u001b[39m","time":"2017-07-23T13:13:35.718Z","v":0}
{"name":"hexo","hostname":"dabao-3.local","pid":65555,"level":20,"msg":"Config loaded: \u001b[35m~/Desktop/MySelf/tiandabao.github.io/_config.yml\u001b[39m","time":"2017-07-23T13:13:35.810Z","v":0}
{"name":"hexo","hostname":"dabao-3.local","pid":65555,"level":20,"msg":"Plugin loaded: \u001b[35mhexo-asset-image\u001b[39m","time":"2017-07-23T13:13:35.912Z","v":0}
{"name":"hexo","hostname":"dabao-3.local","pid":65555,"level":20,"msg":"Plugin loaded: \u001b[35mhexo-baidu-url-submit\u001b[39m","time":"2017-07-23T13:13:35.914Z","v":0}
{"name":"hexo","hostname":"dabao-3.local","pid":65555,"level":20,"msg":"Plugin loaded: \u001b[35mhexo-deployer-git\u001b[39m","time":"2017-07-23T13:13:36.113Z","v":0}
{"name":"hexo","hostname":"dabao-3.local","pid":65555,"level":20,"msg":"Plugin loaded: \u001b[35mhexo-generator-archive\u001b[39m","time":"2017-07-23T13:13:36.115Z","v":0}
{"name":"hexo","hostname":"dabao-3.local","pid":65555,"level":20,"msg":"Plugin loaded: \u001b[35mhexo-generator-baidu-sitemap\u001b[39m","time":"2017-07-23T13:13:36.121Z","v":0}
{"name":"hexo","hostname":"dabao-3.local","pid":65555,"level":20,"msg":"Plugin loaded: \u001b[35mhexo-generator-category\u001b[39m","time":"2017-07-23T13:13:36.123Z","v":0}
{"name":"hexo","hostname":"dabao-3.local","pid":65555,"level":20,"msg":"Plugin loaded: \u001b[35mhexo-generator-feed\u001b[39m","time":"2017-07-23T13:13:36.126Z","v":0}
{"name":"hexo","hostname":"dabao-3.local","pid":65555,"level":20,"msg":"Plugin loaded: \u001b[35mhexo-generator-index\u001b[39m","time":"2017-07-23T13:13:36.128Z","v":0}
{"name":"hexo","hostname":"dabao-3.local","pid":65555,"level":20,"msg":"Plugin loaded: \u001b[35mhexo-generator-json-content\u001b[39m","time":"2017-07-23T13:13:36.147Z","v":0}
{"name":"hexo","hostname":"dabao-3.local","pid":65555,"level":20,"msg":"Plugin loaded: \u001b[35mhexo-generator-search\u001b[39m","time":"2017-07-23T13:13:36.148Z","v":0}
{"name":"hexo","hostname":"dabao-3.local","pid":65555,"level":20,"msg":"Plugin loaded: \u001b[35mhexo-generator-sitemap\u001b[39m","time":"2017-07-23T13:13:36.150Z","v":0}
{"name":"hexo","hostname":"dabao-3.local","pid":65555,"level":20,"msg":"Plugin loaded: \u001b[35mhexo-generator-tag\u001b[39m","time":"2017-07-23T13:13:36.154Z","v":0}
{"name":"hexo","hostname":"dabao-3.local","pid":65555,"level":20,"msg":"Plugin loaded: \u001b[35mhexo-renderer-ejs\u001b[39m","time":"2017-07-23T13:13:36.158Z","v":0}
{"name":"hexo","hostname":"dabao-3.local","pid":65555,"level":20,"msg":"Plugin loaded: \u001b[35mhexo-renderer-marked\u001b[39m","time":"2017-07-23T13:13:36.231Z","v":0}
{"name":"hexo","hostname":"dabao-3.local","pid":65555,"level":20,"msg":"Plugin loaded: \u001b[35mhexo-renderer-stylus\u001b[39m","time":"2017-07-23T13:13:36.399Z","v":0}
{"name":"hexo","hostname":"dabao-3.local","pid":65555,"level":20,"msg":"Plugin loaded: \u001b[35mhexo-server\u001b[39m","time":"2017-07-23T13:13:36.497Z","v":0}
{"name":"hexo","hostname":"dabao-3.local","pid":65555,"level":20,"msg":"Plugin loaded: \u001b[35mhexo-blog-encrypt\u001b[39m","time":"2017-07-23T13:13:36.549Z","v":0}
{"name":"hexo","hostname":"dabao-3.local","pid":65555,"level":20,"msg":"Loading database.","time":"2017-07-23T13:13:36.557Z","v":0}
{"name":"hexo","hostname":"dabao-3.local","pid":65555,"level":30,"msg":"Start processing","time":"2017-07-23T13:13:36.723Z","v":0}
{"name":"hexo","hostname":"dabao-3.local","pid":65555,"level":20,"msg":"Processed: \u001b[35m404.html\u001b[39m","time":"2017-07-23T13:13:36.829Z","v":0}
{"name":"hexo","hostname":"dabao-3.local","pid":65555,"level":20,"msg":"Processed: \u001b[35m_posts/2016年计划.md\u001b[39m","time":"2017-07-23T13:13:36.912Z","v":0}
{"name":"hexo","hostname":"dabao-3.local","pid":65555,"level":20,"msg":"Processed: \u001b[35m_posts/Hexo-Sum.md\u001b[39m","time":"2017-07-23T13:13:36.912Z","v":0}
{"name":"hexo","hostname":"dabao-3.local","pid":65555,"level":20,"msg":"Processed: \u001b[35m_posts/Hexo配置.md\u001b[39m","time":"2017-07-23T13:13:36.912Z","v":0}
{"name":"hexo","hostname":"dabao-3.local","pid":65555,"level":20,"msg":"Processed: \u001b[35m_posts/MyBaby.md\u001b[39m","time":"2017-07-23T13:13:36.912Z","v":0}
{"name":"hexo","hostname":"dabao-3.local","pid":65555,"level":20,"msg":"Processed: \u001b[35m_posts/Swift学习笔记.md\u001b[39m","time":"2017-07-23T13:13:36.912Z","v":0}
{"name":"hexo","hostname":"dabao-3.local","pid":65555,"level":20,"msg":"Processed: \u001b[35m_posts/UITextView心得.md\u001b[39m","time":"2017-07-23T13:13:36.912Z","v":0}
{"name":"hexo","hostname":"dabao-3.local","pid":65555,"level":20,"msg":"Processed: \u001b[35m_posts/iOS关键知识点整理.md\u001b[39m","time":"2017-07-23T13:13:36.912Z","v":0}
{"name":"hexo","hostname":"dabao-3.local","pid":65555,"level":20,"msg":"Processed: \u001b[35m_posts/多个git账号的配置.md\u001b[39m","time":"2017-07-23T13:13:36.912Z","v":0}
{"name":"hexo","hostname":"dabao-3.local","pid":65555,"level":20,"msg":"Processed: \u001b[35m_posts/幻想该怎样处理.md\u001b[39m","time":"2017-07-23T13:13:36.914Z","v":0}
{"name":"hexo","hostname":"dabao-3.local","pid":65555,"level":20,"msg":"Processed: \u001b[35m_posts/常用的iOS开发库.md\u001b[39m","time":"2017-07-23T13:13:36.914Z","v":0}
{"name":"hexo","hostname":"dabao-3.local","pid":65555,"level":20,"msg":"Processed: \u001b[35m_posts/我的第一篇博客.md\u001b[39m","time":"2017-07-23T13:13:36.914Z","v":0}
{"name":"hexo","hostname":"dabao-3.local","pid":65555,"level":20,"msg":"Processed: \u001b[35m_posts/新年新的开端.md\u001b[39m","time":"2017-07-23T13:13:36.915Z","v":0}
{"name":"hexo","hostname":"dabao-3.local","pid":65555,"level":20,"msg":"Processed: \u001b[35m_posts/知识总结.md\u001b[39m","time":"2017-07-23T13:13:36.915Z","v":0}
{"name":"hexo","hostname":"dabao-3.local","pid":65555,"level":20,"msg":"Processed: \u001b[35mabout/index.md\u001b[39m","time":"2017-07-23T13:13:36.915Z","v":0}
{"name":"hexo","hostname":"dabao-3.local","pid":65555,"level":20,"msg":"Processed: \u001b[35mimages/avatar.jpg\u001b[39m","time":"2017-07-23T13:13:36.958Z","v":0}
{"name":"hexo","hostname":"dabao-3.local","pid":65555,"level":20,"msg":"Theme config loaded.","time":"2017-07-23T13:13:37.007Z","v":0}
{"name":"hexo","hostname":"dabao-3.local","pid":65555,"level":20,"msg":"Processed: \u001b[35m_config.yml\u001b[39m","time":"2017-07-23T13:13:37.015Z","v":0}
{"name":"hexo","hostname":"dabao-3.local","pid":65555,"level":20,"msg":"Processed: \u001b[35msource/css/style.styl\u001b[39m","time":"2017-07-23T13:13:37.016Z","v":0}
{"name":"hexo","hostname":"dabao-3.local","pid":65555,"level":20,"msg":"Processed: \u001b[35msource/fancybox/blank.gif\u001b[39m","time":"2017-07-23T13:13:37.016Z","v":0}
{"name":"hexo","hostname":"dabao-3.local","pid":65555,"level":20,"msg":"Processed: \u001b[35msource/fancybox/fancybox_loading.gif\u001b[39m","time":"2017-07-23T13:13:37.017Z","v":0}
{"name":"hexo","hostname":"dabao-3.local","pid":65555,"level":20,"msg":"Processed: \u001b[35msource/fancybox/fancybox_overlay.png\u001b[39m","time":"2017-07-23T13:13:37.017Z","v":0}
{"name":"hexo","hostname":"dabao-3.local","pid":65555,"level":20,"msg":"Processed: \u001b[35msource/fancybox/fancybox_loading@2x.gif\u001b[39m","time":"2017-07-23T13:13:37.018Z","v":0}
{"name":"hexo","hostname":"dabao-3.local","pid":65555,"level":20,"msg":"Processed: \u001b[35msource/fancybox/fancybox_sprite.png\u001b[39m","time":"2017-07-23T13:13:37.020Z","v":0}
{"name":"hexo","hostname":"dabao-3.local","pid":65555,"level":20,"msg":"Processed: \u001b[35msource/fancybox/fancybox_sprite@2x.png\u001b[39m","time":"2017-07-23T13:13:37.021Z","v":0}
{"name":"hexo","hostname":"dabao-3.local","pid":65555,"level":20,"msg":"Processed: \u001b[35msource/fancybox/jquery.fancybox.css\u001b[39m","time":"2017-07-23T13:13:37.023Z","v":0}
{"name":"hexo","hostname":"dabao-3.local","pid":65555,"level":20,"msg":"Processed: \u001b[35msource/fancybox/jquery.fancybox.js\u001b[39m","time":"2017-07-23T13:13:37.024Z","v":0}
{"name":"hexo","hostname":"dabao-3.local","pid":65555,"level":20,"msg":"Processed: \u001b[35msource/fancybox/jquery.fancybox.pack.js\u001b[39m","time":"2017-07-23T13:13:37.025Z","v":0}
{"name":"hexo","hostname":"dabao-3.local","pid":65555,"level":20,"msg":"Processed: \u001b[35msource/img/coderwall.png\u001b[39m","time":"2017-07-23T13:13:37.025Z","v":0}
{"name":"hexo","hostname":"dabao-3.local","pid":65555,"level":20,"msg":"Processed: \u001b[35msource/img/delicious.png\u001b[39m","time":"2017-07-23T13:13:37.026Z","v":0}
{"name":"hexo","hostname":"dabao-3.local","pid":65555,"level":20,"msg":"Processed: \u001b[35msource/img/douban.png\u001b[39m","time":"2017-07-23T13:13:37.026Z","v":0}
{"name":"hexo","hostname":"dabao-3.local","pid":65555,"level":20,"msg":"Processed: \u001b[35msource/img/facebook.png\u001b[39m","time":"2017-07-23T13:13:37.026Z","v":0}
{"name":"hexo","hostname":"dabao-3.local","pid":65555,"level":20,"msg":"Processed: \u001b[35msource/img/favicon.png\u001b[39m","time":"2017-07-23T13:13:37.050Z","v":0}
{"name":"hexo","hostname":"dabao-3.local","pid":65555,"level":20,"msg":"Processed: \u001b[35msource/img/github.png\u001b[39m","time":"2017-07-23T13:13:37.051Z","v":0}
{"name":"hexo","hostname":"dabao-3.local","pid":65555,"level":20,"msg":"Processed: \u001b[35msource/img/google.png\u001b[39m","time":"2017-07-23T13:13:37.052Z","v":0}
{"name":"hexo","hostname":"dabao-3.local","pid":65555,"level":20,"msg":"Processed: \u001b[35msource/img/mail.png\u001b[39m","time":"2017-07-23T13:13:37.054Z","v":0}
{"name":"hexo","hostname":"dabao-3.local","pid":65555,"level":20,"msg":"Processed: \u001b[35msource/img/pinboard.png\u001b[39m","time":"2017-07-23T13:13:37.054Z","v":0}
{"name":"hexo","hostname":"dabao-3.local","pid":65555,"level":20,"msg":"Processed: \u001b[35msource/img/img-err.png\u001b[39m","time":"2017-07-23T13:13:37.055Z","v":0}
{"name":"hexo","hostname":"dabao-3.local","pid":65555,"level":20,"msg":"Processed: \u001b[35msource/img/linkedin.png\u001b[39m","time":"2017-07-23T13:13:37.056Z","v":0}
{"name":"hexo","hostname":"dabao-3.local","pid":65555,"level":20,"msg":"Processed: \u001b[35msource/img/img-loading.png\u001b[39m","time":"2017-07-23T13:13:37.056Z","v":0}
{"name":"hexo","hostname":"dabao-3.local","pid":65555,"level":20,"msg":"Processed: \u001b[35msource/img/pinterest.png\u001b[39m","time":"2017-07-23T13:13:37.057Z","v":0}
{"name":"hexo","hostname":"dabao-3.local","pid":65555,"level":20,"msg":"Processed: \u001b[35msource/img/rss.png\u001b[39m","time":"2017-07-23T13:13:37.057Z","v":0}
{"name":"hexo","hostname":"dabao-3.local","pid":65555,"level":20,"msg":"Processed: \u001b[35msource/img/scrollbar_arrow.png\u001b[39m","time":"2017-07-23T13:13:37.058Z","v":0}
{"name":"hexo","hostname":"dabao-3.local","pid":65555,"level":20,"msg":"Processed: \u001b[35msource/img/qq.png\u001b[39m","time":"2017-07-23T13:13:37.060Z","v":0}
{"name":"hexo","hostname":"dabao-3.local","pid":65555,"level":20,"msg":"Processed: \u001b[35msource/img/search.png\u001b[39m","time":"2017-07-23T13:13:37.061Z","v":0}
{"name":"hexo","hostname":"dabao-3.local","pid":65555,"level":20,"msg":"Processed: \u001b[35msource/img/stackoverflow.png\u001b[39m","time":"2017-07-23T13:13:37.063Z","v":0}
{"name":"hexo","hostname":"dabao-3.local","pid":65555,"level":20,"msg":"Processed: \u001b[35msource/img/twitter.png\u001b[39m","time":"2017-07-23T13:13:37.064Z","v":0}
{"name":"hexo","hostname":"dabao-3.local","pid":65555,"level":20,"msg":"Processed: \u001b[35msource/img/weibo.png\u001b[39m","time":"2017-07-23T13:13:37.065Z","v":0}
{"name":"hexo","hostname":"dabao-3.local","pid":65555,"level":20,"msg":"Processed: \u001b[35msource/img/zhihu.png\u001b[39m","time":"2017-07-23T13:13:37.065Z","v":0}
{"name":"hexo","hostname":"dabao-3.local","pid":65555,"level":20,"msg":"Processed: \u001b[35msource/js/Counter.js\u001b[39m","time":"2017-07-23T13:13:37.076Z","v":0}
{"name":"hexo","hostname":"dabao-3.local","pid":65555,"level":20,"msg":"Processed: \u001b[35msource/js/instagram.js\u001b[39m","time":"2017-07-23T13:13:37.077Z","v":0}
{"name":"hexo","hostname":"dabao-3.local","pid":65555,"level":20,"msg":"Processed: \u001b[35msource/js/jquery.lazyload.js\u001b[39m","time":"2017-07-23T13:13:37.077Z","v":0}
{"name":"hexo","hostname":"dabao-3.local","pid":65555,"level":20,"msg":"Processed: \u001b[35msource/js/main.js\u001b[39m","time":"2017-07-23T13:13:37.077Z","v":0}
{"name":"hexo","hostname":"dabao-3.local","pid":65555,"level":20,"msg":"Processed: \u001b[35msource/js/mobile.js\u001b[39m","time":"2017-07-23T13:13:37.078Z","v":0}
{"name":"hexo","hostname":"dabao-3.local","pid":65555,"level":20,"msg":"Processed: \u001b[35msource/js/pc.js\u001b[39m","time":"2017-07-23T13:13:37.078Z","v":0}
{"name":"hexo","hostname":"dabao-3.local","pid":65555,"level":20,"msg":"Processed: \u001b[35msource/js/particles.js\u001b[39m","time":"2017-07-23T13:13:37.078Z","v":0}
{"name":"hexo","hostname":"dabao-3.local","pid":65555,"level":20,"msg":"Processed: \u001b[35msource/img/avatar.png\u001b[39m","time":"2017-07-23T13:13:37.078Z","v":0}
{"name":"hexo","hostname":"dabao-3.local","pid":65555,"level":20,"msg":"Processed: \u001b[35mlayout/.DS_Store\u001b[39m","time":"2017-07-23T13:13:37.092Z","v":0}
{"name":"hexo","hostname":"dabao-3.local","pid":65555,"level":20,"msg":"Processed: \u001b[35mlayout/archive.ejs\u001b[39m","time":"2017-07-23T13:13:37.095Z","v":0}
{"name":"hexo","hostname":"dabao-3.local","pid":65555,"level":20,"msg":"Processed: \u001b[35mlayout/category.ejs\u001b[39m","time":"2017-07-23T13:13:37.095Z","v":0}
{"name":"hexo","hostname":"dabao-3.local","pid":65555,"level":20,"msg":"Processed: \u001b[35mlayout/index.ejs\u001b[39m","time":"2017-07-23T13:13:37.095Z","v":0}
{"name":"hexo","hostname":"dabao-3.local","pid":65555,"level":20,"msg":"Processed: \u001b[35mlayout/layout.ejs\u001b[39m","time":"2017-07-23T13:13:37.095Z","v":0}
{"name":"hexo","hostname":"dabao-3.local","pid":65555,"level":20,"msg":"Processed: \u001b[35mlayout/post.ejs\u001b[39m","time":"2017-07-23T13:13:37.095Z","v":0}
{"name":"hexo","hostname":"dabao-3.local","pid":65555,"level":20,"msg":"Processed: \u001b[35mlayout/page.ejs\u001b[39m","time":"2017-07-23T13:13:37.095Z","v":0}
{"name":"hexo","hostname":"dabao-3.local","pid":65555,"level":20,"msg":"Processed: \u001b[35mlayout/tag.ejs\u001b[39m","time":"2017-07-23T13:13:37.115Z","v":0}
{"name":"hexo","hostname":"dabao-3.local","pid":65555,"level":20,"msg":"Processed: \u001b[35msource/css/fonts/fontawesome-webfont.eot\u001b[39m","time":"2017-07-23T13:13:37.122Z","v":0}
{"name":"hexo","hostname":"dabao-3.local","pid":65555,"level":20,"msg":"Processed: \u001b[35msource/css/fonts/fontawesome-webfont.svgz\u001b[39m","time":"2017-07-23T13:13:37.123Z","v":0}
{"name":"hexo","hostname":"dabao-3.local","pid":65555,"level":20,"msg":"Processed: \u001b[35msource/css/fonts/fontawesome-webfont.woff\u001b[39m","time":"2017-07-23T13:13:37.123Z","v":0}
{"name":"hexo","hostname":"dabao-3.local","pid":65555,"level":20,"msg":"Processed: \u001b[35msource/css/fonts/fontawesome-webfont.ttf\u001b[39m","time":"2017-07-23T13:13:37.124Z","v":0}
{"name":"hexo","hostname":"dabao-3.local","pid":65555,"level":20,"msg":"Processed: \u001b[35msource/fancybox/helpers/fancybox_buttons.png\u001b[39m","time":"2017-07-23T13:13:37.124Z","v":0}
{"name":"hexo","hostname":"dabao-3.local","pid":65555,"level":20,"msg":"Processed: \u001b[35msource/fancybox/helpers/jquery.fancybox-buttons.css\u001b[39m","time":"2017-07-23T13:13:37.124Z","v":0}
{"name":"hexo","hostname":"dabao-3.local","pid":65555,"level":20,"msg":"Processed: \u001b[35msource/fancybox/helpers/jquery.fancybox-buttons.js\u001b[39m","time":"2017-07-23T13:13:37.125Z","v":0}
{"name":"hexo","hostname":"dabao-3.local","pid":65555,"level":20,"msg":"Processed: \u001b[35msource/fancybox/helpers/jquery.fancybox-media.js\u001b[39m","time":"2017-07-23T13:13:37.125Z","v":0}
{"name":"hexo","hostname":"dabao-3.local","pid":65555,"level":20,"msg":"Processed: \u001b[35msource/fancybox/helpers/jquery.fancybox-thumbs.css\u001b[39m","time":"2017-07-23T13:13:37.125Z","v":0}
{"name":"hexo","hostname":"dabao-3.local","pid":65555,"level":20,"msg":"Processed: \u001b[35msource/fancybox/helpers/jquery.fancybox-thumbs.js\u001b[39m","time":"2017-07-23T13:13:37.126Z","v":0}
{"name":"hexo","hostname":"dabao-3.local","pid":65555,"level":20,"msg":"Processed: \u001b[35msource/css/fonts/fontawesome-webfont.svg\u001b[39m","time":"2017-07-23T13:13:37.129Z","v":0}
{"name":"hexo","hostname":"dabao-3.local","pid":65555,"level":20,"msg":"Processed: \u001b[35mlayout/_partial/after-footer.ejs\u001b[39m","time":"2017-07-23T13:13:37.133Z","v":0}
{"name":"hexo","hostname":"dabao-3.local","pid":65555,"level":20,"msg":"Processed: \u001b[35mlayout/_partial/archive.ejs\u001b[39m","time":"2017-07-23T13:13:37.133Z","v":0}
{"name":"hexo","hostname":"dabao-3.local","pid":65555,"level":20,"msg":"Processed: \u001b[35mlayout/_partial/.DS_Store\u001b[39m","time":"2017-07-23T13:13:37.133Z","v":0}
{"name":"hexo","hostname":"dabao-3.local","pid":65555,"level":20,"msg":"Processed: \u001b[35mlayout/_partial/archive-post.ejs\u001b[39m","time":"2017-07-23T13:13:37.133Z","v":0}
{"name":"hexo","hostname":"dabao-3.local","pid":65555,"level":20,"msg":"Processed: \u001b[35mlayout/_partial/article.ejs\u001b[39m","time":"2017-07-23T13:13:37.133Z","v":0}
{"name":"hexo","hostname":"dabao-3.local","pid":65555,"level":20,"msg":"Processed: \u001b[35mlayout/_partial/baidu_tongji.ejs\u001b[39m","time":"2017-07-23T13:13:37.164Z","v":0}
{"name":"hexo","hostname":"dabao-3.local","pid":65555,"level":20,"msg":"Processed: \u001b[35mlayout/_partial/footer.ejs\u001b[39m","time":"2017-07-23T13:13:37.164Z","v":0}
{"name":"hexo","hostname":"dabao-3.local","pid":65555,"level":20,"msg":"Processed: \u001b[35mlayout/_partial/google_analytics.ejs\u001b[39m","time":"2017-07-23T13:13:37.165Z","v":0}
{"name":"hexo","hostname":"dabao-3.local","pid":65555,"level":20,"msg":"Processed: \u001b[35mlayout/_partial/head.ejs\u001b[39m","time":"2017-07-23T13:13:37.165Z","v":0}
{"name":"hexo","hostname":"dabao-3.local","pid":65555,"level":20,"msg":"Processed: \u001b[35mlayout/_partial/header.ejs\u001b[39m","time":"2017-07-23T13:13:37.165Z","v":0}
{"name":"hexo","hostname":"dabao-3.local","pid":65555,"level":20,"msg":"Processed: \u001b[35mlayout/_partial/left-col.ejs\u001b[39m","time":"2017-07-23T13:13:37.165Z","v":0}
{"name":"hexo","hostname":"dabao-3.local","pid":65555,"level":20,"msg":"Processed: \u001b[35mlayout/_partial/mathjax.ejs\u001b[39m","time":"2017-07-23T13:13:37.165Z","v":0}
{"name":"hexo","hostname":"dabao-3.local","pid":65555,"level":20,"msg":"Processed: \u001b[35mlayout/_partial/mobile-nav.ejs\u001b[39m","time":"2017-07-23T13:13:37.165Z","v":0}
{"name":"hexo","hostname":"dabao-3.local","pid":65555,"level":20,"msg":"Processed: \u001b[35mlayout/_partial/search.ejs\u001b[39m","time":"2017-07-23T13:13:37.165Z","v":0}
{"name":"hexo","hostname":"dabao-3.local","pid":65555,"level":20,"msg":"Processed: \u001b[35mlayout/_widget/Counter.ejs\u001b[39m","time":"2017-07-23T13:13:37.165Z","v":0}
{"name":"hexo","hostname":"dabao-3.local","pid":65555,"level":20,"msg":"Processed: \u001b[35mlayout/_widget/cyHotnews.ejs\u001b[39m","time":"2017-07-23T13:13:37.165Z","v":0}
{"name":"hexo","hostname":"dabao-3.local","pid":65555,"level":20,"msg":"Processed: \u001b[35mlayout/_partial/post/category.ejs\u001b[39m","time":"2017-07-23T13:13:37.167Z","v":0}
{"name":"hexo","hostname":"dabao-3.local","pid":65555,"level":20,"msg":"Processed: \u001b[35mlayout/_partial/post/date.ejs\u001b[39m","time":"2017-07-23T13:13:37.167Z","v":0}
{"name":"hexo","hostname":"dabao-3.local","pid":65555,"level":20,"msg":"Processed: \u001b[35mlayout/_partial/post/duoshuo.ejs\u001b[39m","time":"2017-07-23T13:13:37.167Z","v":0}
{"name":"hexo","hostname":"dabao-3.local","pid":65555,"level":20,"msg":"Processed: \u001b[35mlayout/_partial/post/nav.ejs\u001b[39m","time":"2017-07-23T13:13:37.167Z","v":0}
{"name":"hexo","hostname":"dabao-3.local","pid":65555,"level":20,"msg":"Processed: \u001b[35mlayout/_partial/post/share.ejs\u001b[39m","time":"2017-07-23T13:13:37.167Z","v":0}
{"name":"hexo","hostname":"dabao-3.local","pid":65555,"level":20,"msg":"Processed: \u001b[35mlayout/_partial/post/tag.ejs\u001b[39m","time":"2017-07-23T13:13:37.167Z","v":0}
{"name":"hexo","hostname":"dabao-3.local","pid":65555,"level":20,"msg":"Processed: \u001b[35mlayout/_partial/post/title.ejs\u001b[39m","time":"2017-07-23T13:13:37.167Z","v":0}
{"name":"hexo","hostname":"dabao-3.local","pid":65555,"level":20,"msg":"Processed: \u001b[35mlayout/_partial/post/viewCounter.ejs\u001b[39m","time":"2017-07-23T13:13:37.167Z","v":0}
{"name":"hexo","hostname":"dabao-3.local","pid":65555,"level":20,"msg":"Processed: \u001b[35m_posts/MyBaby/faceu_20170716131949.jpg\u001b[39m","time":"2017-07-23T13:13:37.196Z","v":0}
{"name":"hexo","hostname":"dabao-3.local","pid":65555,"level":20,"msg":"Generator: \u001b[35mpage\u001b[39m","time":"2017-07-23T13:13:37.356Z","v":0}
{"name":"hexo","hostname":"dabao-3.local","pid":65555,"level":20,"msg":"Generator: \u001b[35mpost\u001b[39m","time":"2017-07-23T13:13:37.356Z","v":0}
{"name":"hexo","hostname":"dabao-3.local","pid":65555,"level":20,"msg":"Generator: \u001b[35marchive\u001b[39m","time":"2017-07-23T13:13:37.356Z","v":0}
{"name":"hexo","hostname":"dabao-3.local","pid":65555,"level":20,"msg":"Generator: \u001b[35mbaidusitemap\u001b[39m","time":"2017-07-23T13:13:37.356Z","v":0}
{"name":"hexo","hostname":"dabao-3.local","pid":65555,"level":20,"msg":"Generator: \u001b[35mcategory\u001b[39m","time":"2017-07-23T13:13:37.356Z","v":0}
{"name":"hexo","hostname":"dabao-3.local","pid":65555,"level":20,"msg":"Generator: \u001b[35mfeed\u001b[39m","time":"2017-07-23T13:13:37.357Z","v":0}
{"name":"hexo","hostname":"dabao-3.local","pid":65555,"level":20,"msg":"Generator: \u001b[35mindex\u001b[39m","time":"2017-07-23T13:13:37.357Z","v":0}
{"name":"hexo","hostname":"dabao-3.local","pid":65555,"level":20,"msg":"Generator: \u001b[35mjson-content\u001b[39m","time":"2017-07-23T13:13:37.357Z","v":0}
{"name":"hexo","hostname":"dabao-3.local","pid":65555,"level":20,"msg":"Generator: \u001b[35mxml\u001b[39m","time":"2017-07-23T13:13:37.357Z","v":0}
{"name":"hexo","hostname":"dabao-3.local","pid":65555,"level":20,"msg":"Generator: \u001b[35msitemap\u001b[39m","time":"2017-07-23T13:13:37.357Z","v":0}
{"name":"hexo","hostname":"dabao-3.local","pid":65555,"level":20,"msg":"Generator: \u001b[35mtag\u001b[39m","time":"2017-07-23T13:13:37.357Z","v":0}
{"name":"hexo","hostname":"dabao-3.local","pid":65555,"level":60,"err":{"message":"Cannot read property 'count' of undefined","name":"TypeError","stack":"TypeError: Cannot read property 'count' of undefined\n    at Hexo.module.exports (/Users/dabao/Desktop/MySelf/tiandabao.github.io/node_modules/hexo-baidu-url-submit/lib/generator.js:4:40)\n    at Hexo.tryCatcher (/Users/dabao/Desktop/MySelf/tiandabao.github.io/node_modules/bluebird/js/release/util.js:16:23)\n    at Hexo.<anonymous> (/Users/dabao/Desktop/MySelf/tiandabao.github.io/node_modules/bluebird/js/release/method.js:15:34)\n    at /Users/dabao/Desktop/MySelf/tiandabao.github.io/node_modules/hexo/lib/hexo/index.js:340:24\n    at tryCatcher (/Users/dabao/Desktop/MySelf/tiandabao.github.io/node_modules/bluebird/js/release/util.js:16:23)\n    at MappingPromiseArray._promiseFulfilled (/Users/dabao/Desktop/MySelf/tiandabao.github.io/node_modules/bluebird/js/release/map.js:61:38)\n    at MappingPromiseArray.PromiseArray._iterate (/Users/dabao/Desktop/MySelf/tiandabao.github.io/node_modules/bluebird/js/release/promise_array.js:113:31)\n    at MappingPromiseArray.init (/Users/dabao/Desktop/MySelf/tiandabao.github.io/node_modules/bluebird/js/release/promise_array.js:77:10)\n    at MappingPromiseArray._asyncInit (/Users/dabao/Desktop/MySelf/tiandabao.github.io/node_modules/bluebird/js/release/map.js:30:10)\n    at Async._drainQueue (/Users/dabao/Desktop/MySelf/tiandabao.github.io/node_modules/bluebird/js/release/async.js:138:12)\n    at Async._drainQueues (/Users/dabao/Desktop/MySelf/tiandabao.github.io/node_modules/bluebird/js/release/async.js:143:10)\n    at Immediate.Async.drainQueues (/Users/dabao/Desktop/MySelf/tiandabao.github.io/node_modules/bluebird/js/release/async.js:17:14)\n    at runCallback (timers.js:672:20)\n    at tryOnImmediate (timers.js:645:5)\n    at processImmediate [as _immediateCallback] (timers.js:617:5)"},"msg":"Something's wrong. Maybe you can find the solution here: \u001b[4mhttp://hexo.io/docs/troubleshooting.html\u001b[24m","time":"2017-07-23T13:13:37.359Z","v":0}
{"name":"hexo","hostname":"dabao-3.local","pid":65555,"level":20,"msg":"Generator: \u001b[35masset\u001b[39m","time":"2017-07-23T13:13:37.386Z","v":0}
{"name":"hexo","hostname":"dabao-3.local","pid":65555,"level":20,"msg":"Database saved","time":"2017-07-23T13:13:37.387Z","v":0}
{"name":"hexo","hostname":"dabao-3.local","pid":65595,"level":20,"msg":"Hexo version: \u001b[35m3.3.8\u001b[39m","time":"2017-07-23T13:14:05.018Z","v":0}
{"name":"hexo","hostname":"dabao-3.local","pid":65595,"level":20,"msg":"Working directory: \u001b[35m~/Desktop/MySelf/tiandabao.github.io/\u001b[39m","time":"2017-07-23T13:14:05.021Z","v":0}
{"name":"hexo","hostname":"dabao-3.local","pid":65595,"level":20,"msg":"Config loaded: \u001b[35m~/Desktop/MySelf/tiandabao.github.io/_config.yml\u001b[39m","time":"2017-07-23T13:14:05.100Z","v":0}
{"name":"hexo","hostname":"dabao-3.local","pid":65595,"level":20,"msg":"Plugin loaded: \u001b[35mhexo-asset-image\u001b[39m","time":"2017-07-23T13:14:05.199Z","v":0}
{"name":"hexo","hostname":"dabao-3.local","pid":65595,"level":20,"msg":"Plugin loaded: \u001b[35mhexo-baidu-url-submit\u001b[39m","time":"2017-07-23T13:14:05.202Z","v":0}
{"name":"hexo","hostname":"dabao-3.local","pid":65595,"level":20,"msg":"Plugin loaded: \u001b[35mhexo-deployer-git\u001b[39m","time":"2017-07-23T13:14:05.382Z","v":0}
{"name":"hexo","hostname":"dabao-3.local","pid":65595,"level":20,"msg":"Plugin loaded: \u001b[35mhexo-generator-archive\u001b[39m","time":"2017-07-23T13:14:05.384Z","v":0}
{"name":"hexo","hostname":"dabao-3.local","pid":65595,"level":20,"msg":"Plugin loaded: \u001b[35mhexo-generator-baidu-sitemap\u001b[39m","time":"2017-07-23T13:14:05.388Z","v":0}
{"name":"hexo","hostname":"dabao-3.local","pid":65595,"level":20,"msg":"Plugin loaded: \u001b[35mhexo-generator-feed\u001b[39m","time":"2017-07-23T13:14:05.391Z","v":0}
{"name":"hexo","hostname":"dabao-3.local","pid":65595,"level":20,"msg":"Plugin loaded: \u001b[35mhexo-generator-category\u001b[39m","time":"2017-07-23T13:14:05.393Z","v":0}
{"name":"hexo","hostname":"dabao-3.local","pid":65595,"level":20,"msg":"Plugin loaded: \u001b[35mhexo-generator-index\u001b[39m","time":"2017-07-23T13:14:05.394Z","v":0}
{"name":"hexo","hostname":"dabao-3.local","pid":65595,"level":20,"msg":"Plugin loaded: \u001b[35mhexo-generator-json-content\u001b[39m","time":"2017-07-23T13:14:05.408Z","v":0}
{"name":"hexo","hostname":"dabao-3.local","pid":65595,"level":20,"msg":"Plugin loaded: \u001b[35mhexo-generator-search\u001b[39m","time":"2017-07-23T13:14:05.410Z","v":0}
{"name":"hexo","hostname":"dabao-3.local","pid":65595,"level":20,"msg":"Plugin loaded: \u001b[35mhexo-generator-sitemap\u001b[39m","time":"2017-07-23T13:14:05.411Z","v":0}
{"name":"hexo","hostname":"dabao-3.local","pid":65595,"level":20,"msg":"Plugin loaded: \u001b[35mhexo-generator-tag\u001b[39m","time":"2017-07-23T13:14:05.413Z","v":0}
{"name":"hexo","hostname":"dabao-3.local","pid":65595,"level":20,"msg":"Plugin loaded: \u001b[35mhexo-renderer-ejs\u001b[39m","time":"2017-07-23T13:14:05.415Z","v":0}
{"name":"hexo","hostname":"dabao-3.local","pid":65595,"level":20,"msg":"Plugin loaded: \u001b[35mhexo-renderer-marked\u001b[39m","time":"2017-07-23T13:14:05.482Z","v":0}
{"name":"hexo","hostname":"dabao-3.local","pid":65595,"level":20,"msg":"Plugin loaded: \u001b[35mhexo-renderer-stylus\u001b[39m","time":"2017-07-23T13:14:05.595Z","v":0}
{"name":"hexo","hostname":"dabao-3.local","pid":65595,"level":20,"msg":"Plugin loaded: \u001b[35mhexo-server\u001b[39m","time":"2017-07-23T13:14:05.672Z","v":0}
{"name":"hexo","hostname":"dabao-3.local","pid":65595,"level":20,"msg":"Plugin loaded: \u001b[35mhexo-blog-encrypt\u001b[39m","time":"2017-07-23T13:14:05.714Z","v":0}
{"name":"hexo","hostname":"dabao-3.local","pid":65595,"level":20,"msg":"Loading database.","time":"2017-07-23T13:14:05.716Z","v":0}
{"name":"hexo","hostname":"dabao-3.local","pid":65595,"level":30,"msg":"Start processing","time":"2017-07-23T13:14:05.833Z","v":0}
{"name":"hexo","hostname":"dabao-3.local","pid":65595,"level":20,"msg":"Processed: \u001b[35m404.html\u001b[39m","time":"2017-07-23T13:14:05.903Z","v":0}
{"name":"hexo","hostname":"dabao-3.local","pid":65595,"level":20,"msg":"Processed: \u001b[35m_posts/2016年计划.md\u001b[39m","time":"2017-07-23T13:14:05.942Z","v":0}
{"name":"hexo","hostname":"dabao-3.local","pid":65595,"level":20,"msg":"Processed: \u001b[35m_posts/Hexo-Sum.md\u001b[39m","time":"2017-07-23T13:14:05.943Z","v":0}
{"name":"hexo","hostname":"dabao-3.local","pid":65595,"level":20,"msg":"Processed: \u001b[35m_posts/Hexo配置.md\u001b[39m","time":"2017-07-23T13:14:05.943Z","v":0}
{"name":"hexo","hostname":"dabao-3.local","pid":65595,"level":20,"msg":"Processed: \u001b[35m_posts/MyBaby.md\u001b[39m","time":"2017-07-23T13:14:05.943Z","v":0}
{"name":"hexo","hostname":"dabao-3.local","pid":65595,"level":20,"msg":"Processed: \u001b[35m_posts/Swift学习笔记.md\u001b[39m","time":"2017-07-23T13:14:05.943Z","v":0}
{"name":"hexo","hostname":"dabao-3.local","pid":65595,"level":20,"msg":"Processed: \u001b[35m_posts/UITextView心得.md\u001b[39m","time":"2017-07-23T13:14:05.943Z","v":0}
{"name":"hexo","hostname":"dabao-3.local","pid":65595,"level":20,"msg":"Processed: \u001b[35m_posts/iOS关键知识点整理.md\u001b[39m","time":"2017-07-23T13:14:05.943Z","v":0}
{"name":"hexo","hostname":"dabao-3.local","pid":65595,"level":20,"msg":"Processed: \u001b[35m_posts/多个git账号的配置.md\u001b[39m","time":"2017-07-23T13:14:05.943Z","v":0}
{"name":"hexo","hostname":"dabao-3.local","pid":65595,"level":20,"msg":"Processed: \u001b[35m_posts/常用的iOS开发库.md\u001b[39m","time":"2017-07-23T13:14:05.943Z","v":0}
{"name":"hexo","hostname":"dabao-3.local","pid":65595,"level":20,"msg":"Processed: \u001b[35m_posts/幻想该怎样处理.md\u001b[39m","time":"2017-07-23T13:14:05.943Z","v":0}
{"name":"hexo","hostname":"dabao-3.local","pid":65595,"level":20,"msg":"Processed: \u001b[35m_posts/我的第一篇博客.md\u001b[39m","time":"2017-07-23T13:14:05.943Z","v":0}
{"name":"hexo","hostname":"dabao-3.local","pid":65595,"level":20,"msg":"Processed: \u001b[35m_posts/新年新的开端.md\u001b[39m","time":"2017-07-23T13:14:05.943Z","v":0}
{"name":"hexo","hostname":"dabao-3.local","pid":65595,"level":20,"msg":"Processed: \u001b[35m_posts/知识总结.md\u001b[39m","time":"2017-07-23T13:14:05.943Z","v":0}
{"name":"hexo","hostname":"dabao-3.local","pid":65595,"level":20,"msg":"Processed: \u001b[35mabout/index.md\u001b[39m","time":"2017-07-23T13:14:05.943Z","v":0}
{"name":"hexo","hostname":"dabao-3.local","pid":65595,"level":20,"msg":"Processed: \u001b[35mimages/avatar.jpg\u001b[39m","time":"2017-07-23T13:14:05.960Z","v":0}
{"name":"hexo","hostname":"dabao-3.local","pid":65595,"level":20,"msg":"Theme config loaded.","time":"2017-07-23T13:14:05.990Z","v":0}
{"name":"hexo","hostname":"dabao-3.local","pid":65595,"level":20,"msg":"Processed: \u001b[35m_config.yml\u001b[39m","time":"2017-07-23T13:14:05.993Z","v":0}
{"name":"hexo","hostname":"dabao-3.local","pid":65595,"level":20,"msg":"Processed: \u001b[35msource/css/style.styl\u001b[39m","time":"2017-07-23T13:14:05.994Z","v":0}
{"name":"hexo","hostname":"dabao-3.local","pid":65595,"level":20,"msg":"Processed: \u001b[35msource/fancybox/blank.gif\u001b[39m","time":"2017-07-23T13:14:05.995Z","v":0}
{"name":"hexo","hostname":"dabao-3.local","pid":65595,"level":20,"msg":"Processed: \u001b[35msource/fancybox/fancybox_loading.gif\u001b[39m","time":"2017-07-23T13:14:05.995Z","v":0}
{"name":"hexo","hostname":"dabao-3.local","pid":65595,"level":20,"msg":"Processed: \u001b[35msource/fancybox/fancybox_overlay.png\u001b[39m","time":"2017-07-23T13:14:05.996Z","v":0}
{"name":"hexo","hostname":"dabao-3.local","pid":65595,"level":20,"msg":"Processed: \u001b[35msource/fancybox/fancybox_loading@2x.gif\u001b[39m","time":"2017-07-23T13:14:05.996Z","v":0}
{"name":"hexo","hostname":"dabao-3.local","pid":65595,"level":20,"msg":"Processed: \u001b[35msource/fancybox/fancybox_sprite.png\u001b[39m","time":"2017-07-23T13:14:05.997Z","v":0}
{"name":"hexo","hostname":"dabao-3.local","pid":65595,"level":20,"msg":"Processed: \u001b[35msource/fancybox/fancybox_sprite@2x.png\u001b[39m","time":"2017-07-23T13:14:05.997Z","v":0}
{"name":"hexo","hostname":"dabao-3.local","pid":65595,"level":20,"msg":"Processed: \u001b[35msource/fancybox/jquery.fancybox.css\u001b[39m","time":"2017-07-23T13:14:05.998Z","v":0}
{"name":"hexo","hostname":"dabao-3.local","pid":65595,"level":20,"msg":"Processed: \u001b[35msource/img/delicious.png\u001b[39m","time":"2017-07-23T13:14:05.998Z","v":0}
{"name":"hexo","hostname":"dabao-3.local","pid":65595,"level":20,"msg":"Processed: \u001b[35msource/fancybox/jquery.fancybox.js\u001b[39m","time":"2017-07-23T13:14:05.999Z","v":0}
{"name":"hexo","hostname":"dabao-3.local","pid":65595,"level":20,"msg":"Processed: \u001b[35msource/img/coderwall.png\u001b[39m","time":"2017-07-23T13:14:05.999Z","v":0}
{"name":"hexo","hostname":"dabao-3.local","pid":65595,"level":20,"msg":"Processed: \u001b[35msource/fancybox/jquery.fancybox.pack.js\u001b[39m","time":"2017-07-23T13:14:05.999Z","v":0}
{"name":"hexo","hostname":"dabao-3.local","pid":65595,"level":20,"msg":"Processed: \u001b[35msource/img/douban.png\u001b[39m","time":"2017-07-23T13:14:05.999Z","v":0}
{"name":"hexo","hostname":"dabao-3.local","pid":65595,"level":20,"msg":"Processed: \u001b[35msource/img/facebook.png\u001b[39m","time":"2017-07-23T13:14:05.999Z","v":0}
{"name":"hexo","hostname":"dabao-3.local","pid":65595,"level":20,"msg":"Processed: \u001b[35msource/img/github.png\u001b[39m","time":"2017-07-23T13:14:06.013Z","v":0}
{"name":"hexo","hostname":"dabao-3.local","pid":65595,"level":20,"msg":"Processed: \u001b[35msource/img/favicon.png\u001b[39m","time":"2017-07-23T13:14:06.013Z","v":0}
{"name":"hexo","hostname":"dabao-3.local","pid":65595,"level":20,"msg":"Processed: \u001b[35msource/img/google.png\u001b[39m","time":"2017-07-23T13:14:06.014Z","v":0}
{"name":"hexo","hostname":"dabao-3.local","pid":65595,"level":20,"msg":"Processed: \u001b[35msource/img/img-err.png\u001b[39m","time":"2017-07-23T13:14:06.014Z","v":0}
{"name":"hexo","hostname":"dabao-3.local","pid":65595,"level":20,"msg":"Processed: \u001b[35msource/img/img-loading.png\u001b[39m","time":"2017-07-23T13:14:06.015Z","v":0}
{"name":"hexo","hostname":"dabao-3.local","pid":65595,"level":20,"msg":"Processed: \u001b[35msource/img/linkedin.png\u001b[39m","time":"2017-07-23T13:14:06.016Z","v":0}
{"name":"hexo","hostname":"dabao-3.local","pid":65595,"level":20,"msg":"Processed: \u001b[35msource/img/mail.png\u001b[39m","time":"2017-07-23T13:14:06.016Z","v":0}
{"name":"hexo","hostname":"dabao-3.local","pid":65595,"level":20,"msg":"Processed: \u001b[35msource/img/pinboard.png\u001b[39m","time":"2017-07-23T13:14:06.016Z","v":0}
{"name":"hexo","hostname":"dabao-3.local","pid":65595,"level":20,"msg":"Processed: \u001b[35msource/img/pinterest.png\u001b[39m","time":"2017-07-23T13:14:06.016Z","v":0}
{"name":"hexo","hostname":"dabao-3.local","pid":65595,"level":20,"msg":"Processed: \u001b[35msource/img/rss.png\u001b[39m","time":"2017-07-23T13:14:06.016Z","v":0}
{"name":"hexo","hostname":"dabao-3.local","pid":65595,"level":20,"msg":"Processed: \u001b[35msource/img/search.png\u001b[39m","time":"2017-07-23T13:14:06.017Z","v":0}
{"name":"hexo","hostname":"dabao-3.local","pid":65595,"level":20,"msg":"Processed: \u001b[35msource/img/qq.png\u001b[39m","time":"2017-07-23T13:14:06.019Z","v":0}
{"name":"hexo","hostname":"dabao-3.local","pid":65595,"level":20,"msg":"Processed: \u001b[35msource/img/scrollbar_arrow.png\u001b[39m","time":"2017-07-23T13:14:06.019Z","v":0}
{"name":"hexo","hostname":"dabao-3.local","pid":65595,"level":20,"msg":"Processed: \u001b[35msource/img/stackoverflow.png\u001b[39m","time":"2017-07-23T13:14:06.020Z","v":0}
{"name":"hexo","hostname":"dabao-3.local","pid":65595,"level":20,"msg":"Processed: \u001b[35msource/img/twitter.png\u001b[39m","time":"2017-07-23T13:14:06.023Z","v":0}
{"name":"hexo","hostname":"dabao-3.local","pid":65595,"level":20,"msg":"Processed: \u001b[35msource/img/weibo.png\u001b[39m","time":"2017-07-23T13:14:06.023Z","v":0}
{"name":"hexo","hostname":"dabao-3.local","pid":65595,"level":20,"msg":"Processed: \u001b[35msource/img/zhihu.png\u001b[39m","time":"2017-07-23T13:14:06.037Z","v":0}
{"name":"hexo","hostname":"dabao-3.local","pid":65595,"level":20,"msg":"Processed: \u001b[35msource/js/Counter.js\u001b[39m","time":"2017-07-23T13:14:06.038Z","v":0}
{"name":"hexo","hostname":"dabao-3.local","pid":65595,"level":20,"msg":"Processed: \u001b[35msource/js/instagram.js\u001b[39m","time":"2017-07-23T13:14:06.038Z","v":0}
{"name":"hexo","hostname":"dabao-3.local","pid":65595,"level":20,"msg":"Processed: \u001b[35msource/js/jquery.lazyload.js\u001b[39m","time":"2017-07-23T13:14:06.038Z","v":0}
{"name":"hexo","hostname":"dabao-3.local","pid":65595,"level":20,"msg":"Processed: \u001b[35msource/js/main.js\u001b[39m","time":"2017-07-23T13:14:06.039Z","v":0}
{"name":"hexo","hostname":"dabao-3.local","pid":65595,"level":20,"msg":"Processed: \u001b[35msource/js/mobile.js\u001b[39m","time":"2017-07-23T13:14:06.039Z","v":0}
{"name":"hexo","hostname":"dabao-3.local","pid":65595,"level":20,"msg":"Processed: \u001b[35msource/js/particles.js\u001b[39m","time":"2017-07-23T13:14:06.039Z","v":0}
{"name":"hexo","hostname":"dabao-3.local","pid":65595,"level":20,"msg":"Processed: \u001b[35msource/js/pc.js\u001b[39m","time":"2017-07-23T13:14:06.039Z","v":0}
{"name":"hexo","hostname":"dabao-3.local","pid":65595,"level":20,"msg":"Processed: \u001b[35msource/img/avatar.png\u001b[39m","time":"2017-07-23T13:14:06.039Z","v":0}
{"name":"hexo","hostname":"dabao-3.local","pid":65595,"level":20,"msg":"Processed: \u001b[35mlayout/.DS_Store\u001b[39m","time":"2017-07-23T13:14:06.047Z","v":0}
{"name":"hexo","hostname":"dabao-3.local","pid":65595,"level":20,"msg":"Processed: \u001b[35mlayout/archive.ejs\u001b[39m","time":"2017-07-23T13:14:06.048Z","v":0}
{"name":"hexo","hostname":"dabao-3.local","pid":65595,"level":20,"msg":"Processed: \u001b[35mlayout/category.ejs\u001b[39m","time":"2017-07-23T13:14:06.048Z","v":0}
{"name":"hexo","hostname":"dabao-3.local","pid":65595,"level":20,"msg":"Processed: \u001b[35mlayout/index.ejs\u001b[39m","time":"2017-07-23T13:14:06.051Z","v":0}
{"name":"hexo","hostname":"dabao-3.local","pid":65595,"level":20,"msg":"Processed: \u001b[35mlayout/layout.ejs\u001b[39m","time":"2017-07-23T13:14:06.052Z","v":0}
{"name":"hexo","hostname":"dabao-3.local","pid":65595,"level":20,"msg":"Processed: \u001b[35mlayout/page.ejs\u001b[39m","time":"2017-07-23T13:14:06.052Z","v":0}
{"name":"hexo","hostname":"dabao-3.local","pid":65595,"level":20,"msg":"Processed: \u001b[35mlayout/tag.ejs\u001b[39m","time":"2017-07-23T13:14:06.052Z","v":0}
{"name":"hexo","hostname":"dabao-3.local","pid":65595,"level":20,"msg":"Processed: \u001b[35mlayout/post.ejs\u001b[39m","time":"2017-07-23T13:14:06.052Z","v":0}
{"name":"hexo","hostname":"dabao-3.local","pid":65595,"level":20,"msg":"Processed: \u001b[35msource/css/fonts/fontawesome-webfont.eot\u001b[39m","time":"2017-07-23T13:14:06.059Z","v":0}
{"name":"hexo","hostname":"dabao-3.local","pid":65595,"level":20,"msg":"Processed: \u001b[35msource/css/fonts/fontawesome-webfont.svgz\u001b[39m","time":"2017-07-23T13:14:06.059Z","v":0}
{"name":"hexo","hostname":"dabao-3.local","pid":65595,"level":20,"msg":"Processed: \u001b[35msource/css/fonts/fontawesome-webfont.woff\u001b[39m","time":"2017-07-23T13:14:06.060Z","v":0}
{"name":"hexo","hostname":"dabao-3.local","pid":65595,"level":20,"msg":"Processed: \u001b[35msource/css/fonts/fontawesome-webfont.ttf\u001b[39m","time":"2017-07-23T13:14:06.060Z","v":0}
{"name":"hexo","hostname":"dabao-3.local","pid":65595,"level":20,"msg":"Processed: \u001b[35msource/fancybox/helpers/fancybox_buttons.png\u001b[39m","time":"2017-07-23T13:14:06.060Z","v":0}
{"name":"hexo","hostname":"dabao-3.local","pid":65595,"level":20,"msg":"Processed: \u001b[35msource/fancybox/helpers/jquery.fancybox-buttons.css\u001b[39m","time":"2017-07-23T13:14:06.061Z","v":0}
{"name":"hexo","hostname":"dabao-3.local","pid":65595,"level":20,"msg":"Processed: \u001b[35msource/fancybox/helpers/jquery.fancybox-buttons.js\u001b[39m","time":"2017-07-23T13:14:06.061Z","v":0}
{"name":"hexo","hostname":"dabao-3.local","pid":65595,"level":20,"msg":"Processed: \u001b[35msource/fancybox/helpers/jquery.fancybox-media.js\u001b[39m","time":"2017-07-23T13:14:06.061Z","v":0}
{"name":"hexo","hostname":"dabao-3.local","pid":65595,"level":20,"msg":"Processed: \u001b[35msource/fancybox/helpers/jquery.fancybox-thumbs.css\u001b[39m","time":"2017-07-23T13:14:06.061Z","v":0}
{"name":"hexo","hostname":"dabao-3.local","pid":65595,"level":20,"msg":"Processed: \u001b[35msource/fancybox/helpers/jquery.fancybox-thumbs.js\u001b[39m","time":"2017-07-23T13:14:06.061Z","v":0}
{"name":"hexo","hostname":"dabao-3.local","pid":65595,"level":20,"msg":"Processed: \u001b[35msource/css/fonts/fontawesome-webfont.svg\u001b[39m","time":"2017-07-23T13:14:06.064Z","v":0}
{"name":"hexo","hostname":"dabao-3.local","pid":65595,"level":20,"msg":"Processed: \u001b[35mlayout/_partial/after-footer.ejs\u001b[39m","time":"2017-07-23T13:14:06.066Z","v":0}
{"name":"hexo","hostname":"dabao-3.local","pid":65595,"level":20,"msg":"Processed: \u001b[35mlayout/_partial/.DS_Store\u001b[39m","time":"2017-07-23T13:14:06.066Z","v":0}
{"name":"hexo","hostname":"dabao-3.local","pid":65595,"level":20,"msg":"Processed: \u001b[35mlayout/_partial/article.ejs\u001b[39m","time":"2017-07-23T13:14:06.066Z","v":0}
{"name":"hexo","hostname":"dabao-3.local","pid":65595,"level":20,"msg":"Processed: \u001b[35mlayout/_partial/archive-post.ejs\u001b[39m","time":"2017-07-23T13:14:06.066Z","v":0}
{"name":"hexo","hostname":"dabao-3.local","pid":65595,"level":20,"msg":"Processed: \u001b[35mlayout/_partial/baidu_tongji.ejs\u001b[39m","time":"2017-07-23T13:14:06.066Z","v":0}
{"name":"hexo","hostname":"dabao-3.local","pid":65595,"level":20,"msg":"Processed: \u001b[35mlayout/_partial/archive.ejs\u001b[39m","time":"2017-07-23T13:14:06.066Z","v":0}
{"name":"hexo","hostname":"dabao-3.local","pid":65595,"level":20,"msg":"Processed: \u001b[35mlayout/_partial/footer.ejs\u001b[39m","time":"2017-07-23T13:14:06.066Z","v":0}
{"name":"hexo","hostname":"dabao-3.local","pid":65595,"level":20,"msg":"Processed: \u001b[35mlayout/_partial/head.ejs\u001b[39m","time":"2017-07-23T13:14:06.066Z","v":0}
{"name":"hexo","hostname":"dabao-3.local","pid":65595,"level":20,"msg":"Processed: \u001b[35mlayout/_partial/google_analytics.ejs\u001b[39m","time":"2017-07-23T13:14:06.066Z","v":0}
{"name":"hexo","hostname":"dabao-3.local","pid":65595,"level":20,"msg":"Processed: \u001b[35mlayout/_partial/header.ejs\u001b[39m","time":"2017-07-23T13:14:06.066Z","v":0}
{"name":"hexo","hostname":"dabao-3.local","pid":65595,"level":20,"msg":"Processed: \u001b[35mlayout/_partial/left-col.ejs\u001b[39m","time":"2017-07-23T13:14:06.066Z","v":0}
{"name":"hexo","hostname":"dabao-3.local","pid":65595,"level":20,"msg":"Processed: \u001b[35mlayout/_partial/mathjax.ejs\u001b[39m","time":"2017-07-23T13:14:06.066Z","v":0}
{"name":"hexo","hostname":"dabao-3.local","pid":65595,"level":20,"msg":"Processed: \u001b[35mlayout/_partial/mobile-nav.ejs\u001b[39m","time":"2017-07-23T13:14:06.066Z","v":0}
{"name":"hexo","hostname":"dabao-3.local","pid":65595,"level":20,"msg":"Processed: \u001b[35mlayout/_partial/search.ejs\u001b[39m","time":"2017-07-23T13:14:06.066Z","v":0}
{"name":"hexo","hostname":"dabao-3.local","pid":65595,"level":20,"msg":"Processed: \u001b[35mlayout/_widget/Counter.ejs\u001b[39m","time":"2017-07-23T13:14:06.066Z","v":0}
{"name":"hexo","hostname":"dabao-3.local","pid":65595,"level":20,"msg":"Processed: \u001b[35mlayout/_widget/cyHotnews.ejs\u001b[39m","time":"2017-07-23T13:14:06.066Z","v":0}
{"name":"hexo","hostname":"dabao-3.local","pid":65595,"level":20,"msg":"Processed: \u001b[35mlayout/_partial/post/date.ejs\u001b[39m","time":"2017-07-23T13:14:06.067Z","v":0}
{"name":"hexo","hostname":"dabao-3.local","pid":65595,"level":20,"msg":"Processed: \u001b[35mlayout/_partial/post/duoshuo.ejs\u001b[39m","time":"2017-07-23T13:14:06.067Z","v":0}
{"name":"hexo","hostname":"dabao-3.local","pid":65595,"level":20,"msg":"Processed: \u001b[35mlayout/_partial/post/category.ejs\u001b[39m","time":"2017-07-23T13:14:06.067Z","v":0}
{"name":"hexo","hostname":"dabao-3.local","pid":65595,"level":20,"msg":"Processed: \u001b[35mlayout/_partial/post/nav.ejs\u001b[39m","time":"2017-07-23T13:14:06.067Z","v":0}
{"name":"hexo","hostname":"dabao-3.local","pid":65595,"level":20,"msg":"Processed: \u001b[35mlayout/_partial/post/share.ejs\u001b[39m","time":"2017-07-23T13:14:06.067Z","v":0}
{"name":"hexo","hostname":"dabao-3.local","pid":65595,"level":20,"msg":"Processed: \u001b[35mlayout/_partial/post/tag.ejs\u001b[39m","time":"2017-07-23T13:14:06.067Z","v":0}
{"name":"hexo","hostname":"dabao-3.local","pid":65595,"level":20,"msg":"Processed: \u001b[35mlayout/_partial/post/title.ejs\u001b[39m","time":"2017-07-23T13:14:06.067Z","v":0}
{"name":"hexo","hostname":"dabao-3.local","pid":65595,"level":20,"msg":"Processed: \u001b[35mlayout/_partial/post/viewCounter.ejs\u001b[39m","time":"2017-07-23T13:14:06.069Z","v":0}
{"name":"hexo","hostname":"dabao-3.local","pid":65595,"level":20,"msg":"Processed: \u001b[35m_posts/MyBaby/faceu_20170716131949.jpg\u001b[39m","time":"2017-07-23T13:14:06.084Z","v":0}
{"name":"hexo","hostname":"dabao-3.local","pid":65595,"level":20,"msg":"Generator: \u001b[35mpage\u001b[39m","time":"2017-07-23T13:14:06.188Z","v":0}
{"name":"hexo","hostname":"dabao-3.local","pid":65595,"level":20,"msg":"Generator: \u001b[35mpost\u001b[39m","time":"2017-07-23T13:14:06.188Z","v":0}
{"name":"hexo","hostname":"dabao-3.local","pid":65595,"level":20,"msg":"Generator: \u001b[35marchive\u001b[39m","time":"2017-07-23T13:14:06.207Z","v":0}
{"name":"hexo","hostname":"dabao-3.local","pid":65595,"level":20,"msg":"Generator: \u001b[35mbaidusitemap\u001b[39m","time":"2017-07-23T13:14:06.207Z","v":0}
{"name":"hexo","hostname":"dabao-3.local","pid":65595,"level":20,"msg":"Generator: \u001b[35mfeed\u001b[39m","time":"2017-07-23T13:14:06.207Z","v":0}
{"name":"hexo","hostname":"dabao-3.local","pid":65595,"level":20,"msg":"Generator: \u001b[35mcategory\u001b[39m","time":"2017-07-23T13:14:06.208Z","v":0}
{"name":"hexo","hostname":"dabao-3.local","pid":65595,"level":20,"msg":"Generator: \u001b[35mindex\u001b[39m","time":"2017-07-23T13:14:06.208Z","v":0}
{"name":"hexo","hostname":"dabao-3.local","pid":65595,"level":20,"msg":"Generator: \u001b[35mjson-content\u001b[39m","time":"2017-07-23T13:14:06.208Z","v":0}
{"name":"hexo","hostname":"dabao-3.local","pid":65595,"level":20,"msg":"Generator: \u001b[35mxml\u001b[39m","time":"2017-07-23T13:14:06.208Z","v":0}
{"name":"hexo","hostname":"dabao-3.local","pid":65595,"level":20,"msg":"Generator: \u001b[35msitemap\u001b[39m","time":"2017-07-23T13:14:06.209Z","v":0}
{"name":"hexo","hostname":"dabao-3.local","pid":65595,"level":20,"msg":"Generator: \u001b[35mtag\u001b[39m","time":"2017-07-23T13:14:06.209Z","v":0}
{"name":"hexo","hostname":"dabao-3.local","pid":65595,"level":60,"err":{"message":"Cannot read property 'count' of undefined","name":"TypeError","stack":"TypeError: Cannot read property 'count' of undefined\n    at Hexo.module.exports (/Users/dabao/Desktop/MySelf/tiandabao.github.io/node_modules/hexo-baidu-url-submit/lib/generator.js:4:40)\n    at Hexo.tryCatcher (/Users/dabao/Desktop/MySelf/tiandabao.github.io/node_modules/bluebird/js/release/util.js:16:23)\n    at Hexo.<anonymous> (/Users/dabao/Desktop/MySelf/tiandabao.github.io/node_modules/bluebird/js/release/method.js:15:34)\n    at /Users/dabao/Desktop/MySelf/tiandabao.github.io/node_modules/hexo/lib/hexo/index.js:340:24\n    at tryCatcher (/Users/dabao/Desktop/MySelf/tiandabao.github.io/node_modules/bluebird/js/release/util.js:16:23)\n    at MappingPromiseArray._promiseFulfilled (/Users/dabao/Desktop/MySelf/tiandabao.github.io/node_modules/bluebird/js/release/map.js:61:38)\n    at MappingPromiseArray.PromiseArray._iterate (/Users/dabao/Desktop/MySelf/tiandabao.github.io/node_modules/bluebird/js/release/promise_array.js:113:31)\n    at MappingPromiseArray.init (/Users/dabao/Desktop/MySelf/tiandabao.github.io/node_modules/bluebird/js/release/promise_array.js:77:10)\n    at MappingPromiseArray._asyncInit (/Users/dabao/Desktop/MySelf/tiandabao.github.io/node_modules/bluebird/js/release/map.js:30:10)\n    at Async._drainQueue (/Users/dabao/Desktop/MySelf/tiandabao.github.io/node_modules/bluebird/js/release/async.js:138:12)\n    at Async._drainQueues (/Users/dabao/Desktop/MySelf/tiandabao.github.io/node_modules/bluebird/js/release/async.js:143:10)\n    at Immediate.Async.drainQueues (/Users/dabao/Desktop/MySelf/tiandabao.github.io/node_modules/bluebird/js/release/async.js:17:14)\n    at runCallback (timers.js:672:20)\n    at tryOnImmediate (timers.js:645:5)\n    at processImmediate [as _immediateCallback] (timers.js:617:5)"},"msg":"Something's wrong. Maybe you can find the solution here: \u001b[4mhttp://hexo.io/docs/troubleshooting.html\u001b[24m","time":"2017-07-23T13:14:06.210Z","v":0}
{"name":"hexo","hostname":"dabao-3.local","pid":65595,"level":20,"msg":"Generator: \u001b[35masset\u001b[39m","time":"2017-07-23T13:14:06.250Z","v":0}
{"name":"hexo","hostname":"dabao-3.local","pid":65595,"level":20,"msg":"Database saved","time":"2017-07-23T13:14:06.251Z","v":0}
{"name":"hexo","hostname":"dabao-3.local","pid":82286,"level":20,"msg":"Hexo version: \u001b[35m3.3.8\u001b[39m","time":"2017-07-24T07:47:39.361Z","v":0}
{"name":"hexo","hostname":"dabao-3.local","pid":82286,"level":20,"msg":"Working directory: \u001b[35m~/Desktop/MySelf/tiandabao.github.io/\u001b[39m","time":"2017-07-24T07:47:39.363Z","v":0}
{"name":"hexo","hostname":"dabao-3.local","pid":82286,"level":20,"msg":"Config loaded: \u001b[35m~/Desktop/MySelf/tiandabao.github.io/_config.yml\u001b[39m","time":"2017-07-24T07:47:39.433Z","v":0}
{"name":"hexo","hostname":"dabao-3.local","pid":82286,"level":20,"msg":"Script loaded: \u001b[35mthemes/next/scripts/merge-configs.js\u001b[39m","time":"2017-07-24T07:47:39.455Z","v":0}
{"name":"hexo","hostname":"dabao-3.local","pid":82286,"level":20,"msg":"Script loaded: \u001b[35mthemes/next/scripts/merge.js\u001b[39m","time":"2017-07-24T07:47:39.458Z","v":0}
{"name":"hexo","hostname":"dabao-3.local","pid":82286,"level":20,"msg":"Script loaded: \u001b[35mthemes/next/scripts/tags/button.js\u001b[39m","time":"2017-07-24T07:47:39.458Z","v":0}
{"name":"hexo","hostname":"dabao-3.local","pid":82286,"level":20,"msg":"Script loaded: \u001b[35mthemes/next/scripts/tags/center-quote.js\u001b[39m","time":"2017-07-24T07:47:39.459Z","v":0}
{"name":"hexo","hostname":"dabao-3.local","pid":82286,"level":20,"msg":"Script loaded: \u001b[35mthemes/next/scripts/tags/exturl.js\u001b[39m","time":"2017-07-24T07:47:39.459Z","v":0}
{"name":"hexo","hostname":"dabao-3.local","pid":82286,"level":20,"msg":"Script loaded: \u001b[35mthemes/next/scripts/tags/full-image.js\u001b[39m","time":"2017-07-24T07:47:39.459Z","v":0}
{"name":"hexo","hostname":"dabao-3.local","pid":82286,"level":20,"msg":"Script loaded: \u001b[35mthemes/next/scripts/tags/group-pictures.js\u001b[39m","time":"2017-07-24T07:47:39.460Z","v":0}
{"name":"hexo","hostname":"dabao-3.local","pid":82286,"level":20,"msg":"Script loaded: \u001b[35mthemes/next/scripts/tags/lazy-image.js\u001b[39m","time":"2017-07-24T07:47:39.460Z","v":0}
{"name":"hexo","hostname":"dabao-3.local","pid":82286,"level":20,"msg":"Script loaded: \u001b[35mthemes/next/scripts/tags/note.js\u001b[39m","time":"2017-07-24T07:47:39.461Z","v":0}
{"name":"hexo","hostname":"dabao-3.local","pid":82286,"level":20,"msg":"Plugin loaded: \u001b[35mhexo-asset-image\u001b[39m","time":"2017-07-24T07:47:39.527Z","v":0}
{"name":"hexo","hostname":"dabao-3.local","pid":82286,"level":20,"msg":"Plugin loaded: \u001b[35mhexo-deployer-git\u001b[39m","time":"2017-07-24T07:47:39.672Z","v":0}
{"name":"hexo","hostname":"dabao-3.local","pid":82286,"level":20,"msg":"Plugin loaded: \u001b[35mhexo-generator-archive\u001b[39m","time":"2017-07-24T07:47:39.673Z","v":0}
{"name":"hexo","hostname":"dabao-3.local","pid":82286,"level":20,"msg":"Plugin loaded: \u001b[35mhexo-generator-baidu-sitemap\u001b[39m","time":"2017-07-24T07:47:39.677Z","v":0}
{"name":"hexo","hostname":"dabao-3.local","pid":82286,"level":20,"msg":"Plugin loaded: \u001b[35mhexo-generator-category\u001b[39m","time":"2017-07-24T07:47:39.678Z","v":0}
{"name":"hexo","hostname":"dabao-3.local","pid":82286,"level":20,"msg":"Plugin loaded: \u001b[35mhexo-generator-feed\u001b[39m","time":"2017-07-24T07:47:39.681Z","v":0}
{"name":"hexo","hostname":"dabao-3.local","pid":82286,"level":20,"msg":"Plugin loaded: \u001b[35mhexo-generator-index\u001b[39m","time":"2017-07-24T07:47:39.682Z","v":0}
{"name":"hexo","hostname":"dabao-3.local","pid":82286,"level":20,"msg":"Plugin loaded: \u001b[35mhexo-generator-json-content\u001b[39m","time":"2017-07-24T07:47:39.696Z","v":0}
{"name":"hexo","hostname":"dabao-3.local","pid":82286,"level":20,"msg":"Plugin loaded: \u001b[35mhexo-generator-search\u001b[39m","time":"2017-07-24T07:47:39.698Z","v":0}
{"name":"hexo","hostname":"dabao-3.local","pid":82286,"level":20,"msg":"Plugin loaded: \u001b[35mhexo-generator-sitemap\u001b[39m","time":"2017-07-24T07:47:39.698Z","v":0}
{"name":"hexo","hostname":"dabao-3.local","pid":82286,"level":20,"msg":"Plugin loaded: \u001b[35mhexo-generator-tag\u001b[39m","time":"2017-07-24T07:47:39.700Z","v":0}
{"name":"hexo","hostname":"dabao-3.local","pid":82286,"level":20,"msg":"Plugin loaded: \u001b[35mhexo-renderer-ejs\u001b[39m","time":"2017-07-24T07:47:39.702Z","v":0}
{"name":"hexo","hostname":"dabao-3.local","pid":82286,"level":20,"msg":"Plugin loaded: \u001b[35mhexo-renderer-marked\u001b[39m","time":"2017-07-24T07:47:39.758Z","v":0}
{"name":"hexo","hostname":"dabao-3.local","pid":82286,"level":20,"msg":"Plugin loaded: \u001b[35mhexo-renderer-stylus\u001b[39m","time":"2017-07-24T07:47:39.852Z","v":0}
{"name":"hexo","hostname":"dabao-3.local","pid":82286,"level":20,"msg":"Plugin loaded: \u001b[35mhexo-server\u001b[39m","time":"2017-07-24T07:47:39.920Z","v":0}
{"name":"hexo","hostname":"dabao-3.local","pid":82286,"level":20,"msg":"Plugin loaded: \u001b[35mhexo-blog-encrypt\u001b[39m","time":"2017-07-24T07:47:39.955Z","v":0}
{"name":"hexo","hostname":"dabao-3.local","pid":82286,"level":60,"msg":"Port 4000 has been used. Try other port instead.","time":"2017-07-24T07:47:39.962Z","v":0}
{"name":"hexo","hostname":"dabao-3.local","pid":82286,"level":60,"err":{"message":"listen EADDRINUSE 0.0.0.0:4000","name":"Error","stack":"Error: listen EADDRINUSE 0.0.0.0:4000\n    at Object.exports._errnoException (util.js:1034:11)\n    at exports._exceptionWithHostPort (util.js:1057:20)\n    at Server._listen2 (net.js:1265:14)\n    at listen (net.js:1301:10)\n    at doListening (net.js:1416:7)\n    at _combinedTickCallback (internal/process/next_tick.js:83:11)\n    at process._tickCallback (internal/process/next_tick.js:104:9)","code":"EADDRINUSE"},"msg":"Something's wrong. Maybe you can find the solution here: \u001b[4mhttp://hexo.io/docs/troubleshooting.html\u001b[24m","time":"2017-07-24T07:47:39.963Z","v":0}
{"name":"hexo","hostname":"dabao-3.local","pid":82286,"level":20,"msg":"Database saved","time":"2017-07-24T07:47:39.966Z","v":0}
